[ 50%] Built target dyros_cpp_pub
[35m[1mConsolidate compiler generated dependencies of target dyros_cpp_sub[0m
[ 75%] [32mBuilding CXX object CMakeFiles/dyros_cpp_sub.dir/src/dyros_cpp_sub.cpp.o[0m
[100%] [32m[1mLinking CXX executable dyros_cpp_sub[0m
[100%] Built target dyros_cpp_sub
-- Install configuration: ""
-- Installing: /home/dyros/ros2_ws/install/dyros_cmake/lib/dyros_cmake/dyros_cpp_pub
-- Set runtime path of "/home/dyros/ros2_ws/install/dyros_cmake/lib/dyros_cmake/dyros_cpp_pub" to ""
-- Installing: /home/dyros/ros2_ws/install/dyros_cmake/lib/dyros_cmake/dyros_cpp_sub
-- Set runtime path of "/home/dyros/ros2_ws/install/dyros_cmake/lib/dyros_cmake/dyros_cpp_sub" to ""
-- Installing: /home/dyros/ros2_ws/install/dyros_cmake/share/ament_index/resource_index/package_run_dependencies/dyros_cmake
-- Installing: /home/dyros/ros2_ws/install/dyros_cmake/share/ament_index/resource_index/parent_prefix_path/dyros_cmake
-- Installing: /home/dyros/ros2_ws/install/dyros_cmake/share/dyros_cmake/environment/ament_prefix_path.sh
-- Installing: /home/dyros/ros2_ws/install/dyros_cmake/share/dyros_cmake/environment/ament_prefix_path.dsv
-- Installing: /home/dyros/ros2_ws/install/dyros_cmake/share/dyros_cmake/environment/path.sh
-- Installing: /home/dyros/ros2_ws/install/dyros_cmake/share/dyros_cmake/environment/path.dsv
-- Installing: /home/dyros/ros2_ws/install/dyros_cmake/share/dyros_cmake/local_setup.bash
-- Installing: /home/dyros/ros2_ws/install/dyros_cmake/share/dyros_cmake/local_setup.sh
-- Installing: /home/dyros/ros2_ws/install/dyros_cmake/share/dyros_cmake/local_setup.zsh
-- Installing: /home/dyros/ros2_ws/install/dyros_cmake/share/dyros_cmake/local_setup.dsv
-- Installing: /home/dyros/ros2_ws/install/dyros_cmake/share/dyros_cmake/package.dsv
-- Installing: /home/dyros/ros2_ws/install/dyros_cmake/share/ament_index/resource_index/packages/dyros_cmake
-- Installing: /home/dyros/ros2_ws/install/dyros_cmake/share/dyros_cmake/cmake/dyros_cmakeConfig.cmake
-- Installing: /home/dyros/ros2_ws/install/dyros_cmake/share/dyros_cmake/cmake/dyros_cmakeConfig-version.cmake
-- Installing: /home/dyros/ros2_ws/install/dyros_cmake/share/dyros_cmake/package.xml
