[0.299s] DEBUG:colcon:Command line arguments: ['/usr/bin/colcon', 'build', '--packages-select', 'dyros_interface']
[0.299s] DEBUG:colcon:Parsed command line arguments: Namespace(log_base=None, log_level=None, verb_name='build', build_base='build', install_base='install', merge_install=False, symlink_install=False, test_result_base=None, continue_on_error=False, executor='parallel', parallel_workers=2, event_handlers=None, ignore_user_meta=False, metas=['./colcon.meta'], base_paths=['.'], packages_ignore=None, packages_ignore_regex=None, paths=None, packages_up_to=None, packages_up_to_regex=None, packages_above=None, packages_above_and_dependencies=None, packages_above_depth=None, packages_select_by_dep=None, packages_skip_by_dep=None, packages_skip_up_to=None, packages_select_build_failed=False, packages_skip_build_finished=False, packages_select_test_failures=False, packages_skip_test_passed=False, packages_select=['dyros_interface'], packages_skip=None, packages_select_regex=None, packages_skip_regex=None, packages_start=None, packages_end=None, allow_overriding=[], cmake_args=None, cmake_target=None, cmake_target_skip_unavailable=False, cmake_clean_cache=False, cmake_clean_first=False, cmake_force_configure=False, ament_cmake_args=None, catkin_cmake_args=None, catkin_skip_building_tests=False, verb_parser=<colcon_defaults.argument_parser.defaults.DefaultArgumentsDecorator object at 0x7fc73c7c0ca0>, verb_extension=<colcon_core.verb.build.BuildVerb object at 0x7fc73c7c0730>, main=<bound method BuildVerb.main of <colcon_core.verb.build.BuildVerb object at 0x7fc73c7c0730>>)
[0.350s] Level 1:colcon.colcon_core.package_discovery:discover_packages(colcon_meta) check parameters
[0.350s] Level 1:colcon.colcon_core.package_discovery:discover_packages(recursive) check parameters
[0.350s] Level 1:colcon.colcon_core.package_discovery:discover_packages(ignore) check parameters
[0.350s] Level 1:colcon.colcon_core.package_discovery:discover_packages(path) check parameters
[0.350s] Level 1:colcon.colcon_core.package_discovery:discover_packages(colcon_meta) discover
[0.350s] Level 1:colcon.colcon_core.package_discovery:discover_packages(recursive) discover
[0.350s] INFO:colcon.colcon_core.package_discovery:Crawling recursively for packages in '/home/dyros/ros2_ws'
[0.351s] Level 1:colcon.colcon_core.package_identification:_identify(.) by extensions ['ignore', 'ignore_ament_install']
[0.351s] Level 1:colcon.colcon_core.package_identification:_identify(.) by extension 'ignore'
[0.351s] Level 1:colcon.colcon_core.package_identification:_identify(.) by extension 'ignore_ament_install'
[0.351s] Level 1:colcon.colcon_core.package_identification:_identify(.) by extensions ['colcon_pkg']
[0.351s] Level 1:colcon.colcon_core.package_identification:_identify(.) by extension 'colcon_pkg'
[0.351s] Level 1:colcon.colcon_core.package_identification:_identify(.) by extensions ['colcon_meta']
[0.351s] Level 1:colcon.colcon_core.package_identification:_identify(.) by extension 'colcon_meta'
[0.351s] Level 1:colcon.colcon_core.package_identification:_identify(.) by extensions ['ros']
[0.351s] Level 1:colcon.colcon_core.package_identification:_identify(.) by extension 'ros'
[0.372s] Level 1:colcon.colcon_core.package_identification:_identify(.) by extensions ['cmake', 'python']
[0.372s] Level 1:colcon.colcon_core.package_identification:_identify(.) by extension 'cmake'
[0.372s] Level 1:colcon.colcon_core.package_identification:_identify(.) by extension 'python'
[0.372s] Level 1:colcon.colcon_core.package_identification:_identify(.) by extensions ['python_setup_py']
[0.372s] Level 1:colcon.colcon_core.package_identification:_identify(.) by extension 'python_setup_py'
[0.372s] Level 1:colcon.colcon_core.package_identification:_identify(build) by extensions ['ignore', 'ignore_ament_install']
[0.373s] Level 1:colcon.colcon_core.package_identification:_identify(build) by extension 'ignore'
[0.373s] Level 1:colcon.colcon_core.package_identification:_identify(build) ignored
[0.373s] Level 1:colcon.colcon_core.package_identification:_identify(install) by extensions ['ignore', 'ignore_ament_install']
[0.373s] Level 1:colcon.colcon_core.package_identification:_identify(install) by extension 'ignore'
[0.373s] Level 1:colcon.colcon_core.package_identification:_identify(install) ignored
[0.373s] Level 1:colcon.colcon_core.package_identification:_identify(log) by extensions ['ignore', 'ignore_ament_install']
[0.373s] Level 1:colcon.colcon_core.package_identification:_identify(log) by extension 'ignore'
[0.373s] Level 1:colcon.colcon_core.package_identification:_identify(log) ignored
[0.374s] Level 1:colcon.colcon_core.package_identification:_identify(src) by extensions ['ignore', 'ignore_ament_install']
[0.374s] Level 1:colcon.colcon_core.package_identification:_identify(src) by extension 'ignore'
[0.374s] Level 1:colcon.colcon_core.package_identification:_identify(src) by extension 'ignore_ament_install'
[0.374s] Level 1:colcon.colcon_core.package_identification:_identify(src) by extensions ['colcon_pkg']
[0.374s] Level 1:colcon.colcon_core.package_identification:_identify(src) by extension 'colcon_pkg'
[0.374s] Level 1:colcon.colcon_core.package_identification:_identify(src) by extensions ['colcon_meta']
[0.374s] Level 1:colcon.colcon_core.package_identification:_identify(src) by extension 'colcon_meta'
[0.374s] Level 1:colcon.colcon_core.package_identification:_identify(src) by extensions ['ros']
[0.374s] Level 1:colcon.colcon_core.package_identification:_identify(src) by extension 'ros'
[0.374s] Level 1:colcon.colcon_core.package_identification:_identify(src) by extensions ['cmake', 'python']
[0.374s] Level 1:colcon.colcon_core.package_identification:_identify(src) by extension 'cmake'
[0.374s] Level 1:colcon.colcon_core.package_identification:_identify(src) by extension 'python'
[0.375s] Level 1:colcon.colcon_core.package_identification:_identify(src) by extensions ['python_setup_py']
[0.375s] Level 1:colcon.colcon_core.package_identification:_identify(src) by extension 'python_setup_py'
[0.375s] Level 1:colcon.colcon_core.package_identification:_identify(src/dyros_cmake) by extensions ['ignore', 'ignore_ament_install']
[0.375s] Level 1:colcon.colcon_core.package_identification:_identify(src/dyros_cmake) by extension 'ignore'
[0.375s] Level 1:colcon.colcon_core.package_identification:_identify(src/dyros_cmake) by extension 'ignore_ament_install'
[0.375s] Level 1:colcon.colcon_core.package_identification:_identify(src/dyros_cmake) by extensions ['colcon_pkg']
[0.375s] Level 1:colcon.colcon_core.package_identification:_identify(src/dyros_cmake) by extension 'colcon_pkg'
[0.375s] Level 1:colcon.colcon_core.package_identification:_identify(src/dyros_cmake) by extensions ['colcon_meta']
[0.375s] Level 1:colcon.colcon_core.package_identification:_identify(src/dyros_cmake) by extension 'colcon_meta'
[0.375s] Level 1:colcon.colcon_core.package_identification:_identify(src/dyros_cmake) by extensions ['ros']
[0.375s] Level 1:colcon.colcon_core.package_identification:_identify(src/dyros_cmake) by extension 'ros'
[0.380s] DEBUG:colcon.colcon_core.package_identification:Package 'src/dyros_cmake' with type 'ros.ament_cmake' and name 'dyros_cmake'
[0.380s] Level 1:colcon.colcon_core.package_identification:_identify(src/dyros_interface) by extensions ['ignore', 'ignore_ament_install']
[0.380s] Level 1:colcon.colcon_core.package_identification:_identify(src/dyros_interface) by extension 'ignore'
[0.380s] Level 1:colcon.colcon_core.package_identification:_identify(src/dyros_interface) by extension 'ignore_ament_install'
[0.380s] Level 1:colcon.colcon_core.package_identification:_identify(src/dyros_interface) by extensions ['colcon_pkg']
[0.380s] Level 1:colcon.colcon_core.package_identification:_identify(src/dyros_interface) by extension 'colcon_pkg'
[0.380s] Level 1:colcon.colcon_core.package_identification:_identify(src/dyros_interface) by extensions ['colcon_meta']
[0.380s] Level 1:colcon.colcon_core.package_identification:_identify(src/dyros_interface) by extension 'colcon_meta'
[0.381s] Level 1:colcon.colcon_core.package_identification:_identify(src/dyros_interface) by extensions ['ros']
[0.381s] Level 1:colcon.colcon_core.package_identification:_identify(src/dyros_interface) by extension 'ros'
[0.382s] DEBUG:colcon.colcon_core.package_identification:Package 'src/dyros_interface' with type 'ros.ament_cmake' and name 'dyros_interface'
[0.383s] Level 1:colcon.colcon_core.package_identification:_identify(src/dyros_python) by extensions ['ignore', 'ignore_ament_install']
[0.383s] Level 1:colcon.colcon_core.package_identification:_identify(src/dyros_python) by extension 'ignore'
[0.383s] Level 1:colcon.colcon_core.package_identification:_identify(src/dyros_python) by extension 'ignore_ament_install'
[0.383s] Level 1:colcon.colcon_core.package_identification:_identify(src/dyros_python) by extensions ['colcon_pkg']
[0.383s] Level 1:colcon.colcon_core.package_identification:_identify(src/dyros_python) by extension 'colcon_pkg'
[0.383s] Level 1:colcon.colcon_core.package_identification:_identify(src/dyros_python) by extensions ['colcon_meta']
[0.383s] Level 1:colcon.colcon_core.package_identification:_identify(src/dyros_python) by extension 'colcon_meta'
[0.383s] Level 1:colcon.colcon_core.package_identification:_identify(src/dyros_python) by extensions ['ros']
[0.383s] Level 1:colcon.colcon_core.package_identification:_identify(src/dyros_python) by extension 'ros'
[0.384s] DEBUG:colcon.colcon_core.package_identification:Package 'src/dyros_python' with type 'ros.ament_python' and name 'dyros_python'
[0.384s] Level 1:colcon.colcon_core.package_discovery:discover_packages(recursive) using defaults
[0.385s] Level 1:colcon.colcon_core.package_discovery:discover_packages(ignore) discover
[0.385s] Level 1:colcon.colcon_core.package_discovery:discover_packages(ignore) using defaults
[0.385s] Level 1:colcon.colcon_core.package_discovery:discover_packages(path) discover
[0.385s] Level 1:colcon.colcon_core.package_discovery:discover_packages(path) using defaults
[0.426s] INFO:colcon.colcon_core.package_selection:Skipping not selected package 'dyros_python' in 'src/dyros_python'
[0.426s] INFO:colcon.colcon_core.package_selection:Skipping not selected package 'dyros_cmake' in 'src/dyros_cmake'
[0.427s] Level 1:colcon.colcon_core.package_discovery:discover_packages(prefix_path) check parameters
[0.427s] Level 1:colcon.colcon_core.package_discovery:discover_packages(prefix_path) discover
[0.432s] DEBUG:colcon.colcon_installed_package_information.package_discovery:Found 3 installed packages in /home/dyros/ros2_ws/install
[0.435s] DEBUG:colcon.colcon_installed_package_information.package_discovery:Found 317 installed packages in /opt/ros/humble
[0.439s] Level 1:colcon.colcon_core.package_discovery:discover_packages(prefix_path) using defaults
[0.550s] Level 5:colcon.colcon_core.verb:set package 'dyros_interface' build argument 'cmake_args' from command line to 'None'
[0.550s] Level 5:colcon.colcon_core.verb:set package 'dyros_interface' build argument 'cmake_target' from command line to 'None'
[0.551s] Level 5:colcon.colcon_core.verb:set package 'dyros_interface' build argument 'cmake_target_skip_unavailable' from command line to 'False'
[0.551s] Level 5:colcon.colcon_core.verb:set package 'dyros_interface' build argument 'cmake_clean_cache' from command line to 'False'
[0.551s] Level 5:colcon.colcon_core.verb:set package 'dyros_interface' build argument 'cmake_clean_first' from command line to 'False'
[0.551s] Level 5:colcon.colcon_core.verb:set package 'dyros_interface' build argument 'cmake_force_configure' from command line to 'False'
[0.551s] Level 5:colcon.colcon_core.verb:set package 'dyros_interface' build argument 'ament_cmake_args' from command line to 'None'
[0.551s] Level 5:colcon.colcon_core.verb:set package 'dyros_interface' build argument 'catkin_cmake_args' from command line to 'None'
[0.551s] Level 5:colcon.colcon_core.verb:set package 'dyros_interface' build argument 'catkin_skip_building_tests' from command line to 'False'
[0.551s] DEBUG:colcon.colcon_core.verb:Building package 'dyros_interface' with the following arguments: {'ament_cmake_args': None, 'build_base': '/home/dyros/ros2_ws/build/dyros_interface', 'catkin_cmake_args': None, 'catkin_skip_building_tests': False, 'cmake_args': None, 'cmake_clean_cache': False, 'cmake_clean_first': False, 'cmake_force_configure': False, 'cmake_target': None, 'cmake_target_skip_unavailable': False, 'install_base': '/home/dyros/ros2_ws/install/dyros_interface', 'merge_install': False, 'path': '/home/dyros/ros2_ws/src/dyros_interface', 'symlink_install': False, 'test_result_base': None}
[0.552s] INFO:colcon.colcon_core.executor:Executing jobs using 'parallel' executor
[0.558s] DEBUG:colcon.colcon_parallel_executor.executor.parallel:run_until_complete
[0.559s] INFO:colcon.colcon_ros.task.ament_cmake.build:Building ROS package in '/home/dyros/ros2_ws/src/dyros_interface' with build type 'ament_cmake'
[0.559s] INFO:colcon.colcon_cmake.task.cmake.build:Building CMake package in '/home/dyros/ros2_ws/src/dyros_interface'
[0.570s] INFO:colcon.colcon_core.plugin_system:Skipping extension 'colcon_core.shell.bat': Not used on non-Windows systems
[0.570s] INFO:colcon.colcon_core.shell:Skip shell extension 'powershell' for command environment: Not usable outside of PowerShell
[0.570s] DEBUG:colcon.colcon_core.shell:Skip shell extension 'dsv' for command environment
[0.588s] DEBUG:colcon.colcon_core.event_handler.log_command:Invoking command in '/home/dyros/ros2_ws/build/dyros_interface': CMAKE_PREFIX_PATH=${CMAKE_PREFIX_PATH}:/home/dyros/ros2_ws/install/dyros_python:/opt/ros/humble /usr/bin/cmake --build /home/dyros/ros2_ws/build/dyros_interface -- -j2 -l2
[1.596s] DEBUG:colcon.colcon_core.event_handler.log_command:Invoked command in '/home/dyros/ros2_ws/build/dyros_interface' returned '2': CMAKE_PREFIX_PATH=${CMAKE_PREFIX_PATH}:/home/dyros/ros2_ws/install/dyros_python:/opt/ros/humble /usr/bin/cmake --build /home/dyros/ros2_ws/build/dyros_interface -- -j2 -l2
[1.860s] Level 1:colcon.colcon_core.environment:create_environment_scripts_only(dyros_interface)
[1.877s] Level 1:colcon.colcon_core.environment:checking '/home/dyros/ros2_ws/install/dyros_interface' for CMake module files
[1.878s] Level 1:colcon.colcon_core.environment:checking '/home/dyros/ros2_ws/install/dyros_interface' for CMake config files
[1.879s] Level 1:colcon.colcon_core.shell:create_environment_hook('dyros_interface', 'cmake_prefix_path')
[1.884s] INFO:colcon.colcon_core.shell:Creating environment hook '/home/dyros/ros2_ws/install/dyros_interface/share/dyros_interface/hook/cmake_prefix_path.ps1'
[1.885s] INFO:colcon.colcon_core.shell:Creating environment descriptor '/home/dyros/ros2_ws/install/dyros_interface/share/dyros_interface/hook/cmake_prefix_path.dsv'
[1.886s] INFO:colcon.colcon_core.shell:Creating environment hook '/home/dyros/ros2_ws/install/dyros_interface/share/dyros_interface/hook/cmake_prefix_path.sh'
[1.888s] Level 1:colcon.colcon_core.environment:checking '/home/dyros/ros2_ws/install/dyros_interface/lib'
[1.888s] Level 1:colcon.colcon_core.shell:create_environment_hook('dyros_interface', 'ld_library_path_lib')
[1.890s] INFO:colcon.colcon_core.shell:Creating environment hook '/home/dyros/ros2_ws/install/dyros_interface/share/dyros_interface/hook/ld_library_path_lib.ps1'
[1.892s] INFO:colcon.colcon_core.shell:Creating environment descriptor '/home/dyros/ros2_ws/install/dyros_interface/share/dyros_interface/hook/ld_library_path_lib.dsv'
[1.893s] INFO:colcon.colcon_core.shell:Creating environment hook '/home/dyros/ros2_ws/install/dyros_interface/share/dyros_interface/hook/ld_library_path_lib.sh'
[1.893s] Level 1:colcon.colcon_core.environment:checking '/home/dyros/ros2_ws/install/dyros_interface/bin'
[1.894s] Level 1:colcon.colcon_core.environment:checking '/home/dyros/ros2_ws/install/dyros_interface/lib/pkgconfig/dyros_interface.pc'
[1.895s] Level 1:colcon.colcon_core.environment:checking '/home/dyros/ros2_ws/install/dyros_interface/lib/python3.10/site-packages'
[1.896s] Level 1:colcon.colcon_core.environment:checking '/home/dyros/ros2_ws/install/dyros_interface/bin'
[1.898s] INFO:colcon.colcon_core.shell:Creating package script '/home/dyros/ros2_ws/install/dyros_interface/share/dyros_interface/package.ps1'
[1.903s] INFO:colcon.colcon_core.shell:Creating package descriptor '/home/dyros/ros2_ws/install/dyros_interface/share/dyros_interface/package.dsv'
[1.904s] INFO:colcon.colcon_core.shell:Creating package script '/home/dyros/ros2_ws/install/dyros_interface/share/dyros_interface/package.sh'
[1.905s] INFO:colcon.colcon_core.shell:Creating package script '/home/dyros/ros2_ws/install/dyros_interface/share/dyros_interface/package.bash'
[1.906s] INFO:colcon.colcon_core.shell:Creating package script '/home/dyros/ros2_ws/install/dyros_interface/share/dyros_interface/package.zsh'
[1.908s] Level 1:colcon.colcon_core.environment:create_file_with_runtime_dependencies(/home/dyros/ros2_ws/install/dyros_interface/share/colcon-core/packages/dyros_interface)
[1.909s] DEBUG:colcon.colcon_parallel_executor.executor.parallel:closing loop
[1.909s] DEBUG:colcon.colcon_parallel_executor.executor.parallel:loop closed
[1.909s] DEBUG:colcon.colcon_parallel_executor.executor.parallel:run_until_complete finished with '2'
[1.909s] DEBUG:colcon.colcon_core.event_reactor:joining thread
[1.925s] INFO:colcon.colcon_core.plugin_system:Skipping extension 'colcon_notification.desktop_notification.terminal_notifier': Not used on non-Darwin systems
[1.925s] INFO:colcon.colcon_core.plugin_system:Skipping extension 'colcon_notification.desktop_notification.win32': Not used on non-Windows systems
[1.925s] INFO:colcon.colcon_notification.desktop_notification:Sending desktop notification using 'notify2'
[1.975s] DEBUG:colcon.colcon_core.event_reactor:joined thread
[1.978s] INFO:colcon.colcon_core.shell:Creating prefix script '/home/dyros/ros2_ws/install/local_setup.ps1'
[1.979s] INFO:colcon.colcon_core.shell:Creating prefix util module '/home/dyros/ros2_ws/install/_local_setup_util_ps1.py'
[1.982s] INFO:colcon.colcon_core.shell:Creating prefix chain script '/home/dyros/ros2_ws/install/setup.ps1'
[1.985s] INFO:colcon.colcon_core.shell:Creating prefix script '/home/dyros/ros2_ws/install/local_setup.sh'
[1.987s] INFO:colcon.colcon_core.shell:Creating prefix util module '/home/dyros/ros2_ws/install/_local_setup_util_sh.py'
[1.988s] INFO:colcon.colcon_core.shell:Creating prefix chain script '/home/dyros/ros2_ws/install/setup.sh'
[1.992s] INFO:colcon.colcon_core.shell:Creating prefix script '/home/dyros/ros2_ws/install/local_setup.bash'
[1.993s] INFO:colcon.colcon_core.shell:Creating prefix chain script '/home/dyros/ros2_ws/install/setup.bash'
[1.996s] INFO:colcon.colcon_core.shell:Creating prefix script '/home/dyros/ros2_ws/install/local_setup.zsh'
[1.997s] INFO:colcon.colcon_core.shell:Creating prefix chain script '/home/dyros/ros2_ws/install/setup.zsh'
