[0.790s] DEBUG:colcon:Command line arguments: ['/usr/bin/colcon', 'build', '--packages-select', 'dyros_cmake']
[0.791s] DEBUG:colcon:Parsed command line arguments: Namespace(log_base=None, log_level=None, verb_name='build', build_base='build', install_base='install', merge_install=False, symlink_install=False, test_result_base=None, continue_on_error=False, executor='parallel', parallel_workers=2, event_handlers=None, ignore_user_meta=False, metas=['./colcon.meta'], base_paths=['.'], packages_ignore=None, packages_ignore_regex=None, paths=None, packages_up_to=None, packages_up_to_regex=None, packages_above=None, packages_above_and_dependencies=None, packages_above_depth=None, packages_select_by_dep=None, packages_skip_by_dep=None, packages_skip_up_to=None, packages_select_build_failed=False, packages_skip_build_finished=False, packages_select_test_failures=False, packages_skip_test_passed=False, packages_select=['dyros_cmake'], packages_skip=None, packages_select_regex=None, packages_skip_regex=None, packages_start=None, packages_end=None, allow_overriding=[], cmake_args=None, cmake_target=None, cmake_target_skip_unavailable=False, cmake_clean_cache=False, cmake_clean_first=False, cmake_force_configure=False, ament_cmake_args=None, catkin_cmake_args=None, catkin_skip_building_tests=False, verb_parser=<colcon_defaults.argument_parser.defaults.DefaultArgumentsDecorator object at 0x7f2583f44c70>, verb_extension=<colcon_core.verb.build.BuildVerb object at 0x7f2583f44700>, main=<bound method BuildVerb.main of <colcon_core.verb.build.BuildVerb object at 0x7f2583f44700>>)
[0.929s] Level 1:colcon.colcon_core.package_discovery:discover_packages(colcon_meta) check parameters
[0.930s] Level 1:colcon.colcon_core.package_discovery:discover_packages(recursive) check parameters
[0.930s] Level 1:colcon.colcon_core.package_discovery:discover_packages(ignore) check parameters
[0.930s] Level 1:colcon.colcon_core.package_discovery:discover_packages(path) check parameters
[0.930s] Level 1:colcon.colcon_core.package_discovery:discover_packages(colcon_meta) discover
[0.930s] Level 1:colcon.colcon_core.package_discovery:discover_packages(recursive) discover
[0.930s] INFO:colcon.colcon_core.package_discovery:Crawling recursively for packages in '/home/dyros/ros2_ws'
[0.930s] Level 1:colcon.colcon_core.package_identification:_identify(.) by extensions ['ignore', 'ignore_ament_install']
[0.930s] Level 1:colcon.colcon_core.package_identification:_identify(.) by extension 'ignore'
[0.930s] Level 1:colcon.colcon_core.package_identification:_identify(.) by extension 'ignore_ament_install'
[0.931s] Level 1:colcon.colcon_core.package_identification:_identify(.) by extensions ['colcon_pkg']
[0.931s] Level 1:colcon.colcon_core.package_identification:_identify(.) by extension 'colcon_pkg'
[0.931s] Level 1:colcon.colcon_core.package_identification:_identify(.) by extensions ['colcon_meta']
[0.931s] Level 1:colcon.colcon_core.package_identification:_identify(.) by extension 'colcon_meta'
[0.931s] Level 1:colcon.colcon_core.package_identification:_identify(.) by extensions ['ros']
[0.931s] Level 1:colcon.colcon_core.package_identification:_identify(.) by extension 'ros'
[0.963s] Level 1:colcon.colcon_core.package_identification:_identify(.) by extensions ['cmake', 'python']
[0.963s] Level 1:colcon.colcon_core.package_identification:_identify(.) by extension 'cmake'
[0.963s] Level 1:colcon.colcon_core.package_identification:_identify(.) by extension 'python'
[0.963s] Level 1:colcon.colcon_core.package_identification:_identify(.) by extensions ['python_setup_py']
[0.963s] Level 1:colcon.colcon_core.package_identification:_identify(.) by extension 'python_setup_py'
[0.963s] Level 1:colcon.colcon_core.package_identification:_identify(build) by extensions ['ignore', 'ignore_ament_install']
[0.963s] Level 1:colcon.colcon_core.package_identification:_identify(build) by extension 'ignore'
[0.963s] Level 1:colcon.colcon_core.package_identification:_identify(build) ignored
[0.964s] Level 1:colcon.colcon_core.package_identification:_identify(install) by extensions ['ignore', 'ignore_ament_install']
[0.964s] Level 1:colcon.colcon_core.package_identification:_identify(install) by extension 'ignore'
[0.964s] Level 1:colcon.colcon_core.package_identification:_identify(install) ignored
[0.964s] Level 1:colcon.colcon_core.package_identification:_identify(log) by extensions ['ignore', 'ignore_ament_install']
[0.964s] Level 1:colcon.colcon_core.package_identification:_identify(log) by extension 'ignore'
[0.964s] Level 1:colcon.colcon_core.package_identification:_identify(log) ignored
[0.965s] Level 1:colcon.colcon_core.package_identification:_identify(src) by extensions ['ignore', 'ignore_ament_install']
[0.965s] Level 1:colcon.colcon_core.package_identification:_identify(src) by extension 'ignore'
[0.965s] Level 1:colcon.colcon_core.package_identification:_identify(src) by extension 'ignore_ament_install'
[0.965s] Level 1:colcon.colcon_core.package_identification:_identify(src) by extensions ['colcon_pkg']
[0.965s] Level 1:colcon.colcon_core.package_identification:_identify(src) by extension 'colcon_pkg'
[0.965s] Level 1:colcon.colcon_core.package_identification:_identify(src) by extensions ['colcon_meta']
[0.965s] Level 1:colcon.colcon_core.package_identification:_identify(src) by extension 'colcon_meta'
[0.965s] Level 1:colcon.colcon_core.package_identification:_identify(src) by extensions ['ros']
[0.965s] Level 1:colcon.colcon_core.package_identification:_identify(src) by extension 'ros'
[0.966s] Level 1:colcon.colcon_core.package_identification:_identify(src) by extensions ['cmake', 'python']
[0.966s] Level 1:colcon.colcon_core.package_identification:_identify(src) by extension 'cmake'
[0.966s] Level 1:colcon.colcon_core.package_identification:_identify(src) by extension 'python'
[0.966s] Level 1:colcon.colcon_core.package_identification:_identify(src) by extensions ['python_setup_py']
[0.966s] Level 1:colcon.colcon_core.package_identification:_identify(src) by extension 'python_setup_py'
[0.966s] Level 1:colcon.colcon_core.package_identification:_identify(src/dyros_cmake) by extensions ['ignore', 'ignore_ament_install']
[0.966s] Level 1:colcon.colcon_core.package_identification:_identify(src/dyros_cmake) by extension 'ignore'
[0.966s] Level 1:colcon.colcon_core.package_identification:_identify(src/dyros_cmake) by extension 'ignore_ament_install'
[0.966s] Level 1:colcon.colcon_core.package_identification:_identify(src/dyros_cmake) by extensions ['colcon_pkg']
[0.966s] Level 1:colcon.colcon_core.package_identification:_identify(src/dyros_cmake) by extension 'colcon_pkg'
[0.967s] Level 1:colcon.colcon_core.package_identification:_identify(src/dyros_cmake) by extensions ['colcon_meta']
[0.967s] Level 1:colcon.colcon_core.package_identification:_identify(src/dyros_cmake) by extension 'colcon_meta'
[0.967s] Level 1:colcon.colcon_core.package_identification:_identify(src/dyros_cmake) by extensions ['ros']
[0.967s] Level 1:colcon.colcon_core.package_identification:_identify(src/dyros_cmake) by extension 'ros'
[0.974s] DEBUG:colcon.colcon_core.package_identification:Package 'src/dyros_cmake' with type 'ros.ament_cmake' and name 'dyros_cmake'
[0.975s] Level 1:colcon.colcon_core.package_identification:_identify(src/dyros_interface) by extensions ['ignore', 'ignore_ament_install']
[0.975s] Level 1:colcon.colcon_core.package_identification:_identify(src/dyros_interface) by extension 'ignore'
[0.975s] Level 1:colcon.colcon_core.package_identification:_identify(src/dyros_interface) by extension 'ignore_ament_install'
[0.975s] Level 1:colcon.colcon_core.package_identification:_identify(src/dyros_interface) by extensions ['colcon_pkg']
[0.975s] Level 1:colcon.colcon_core.package_identification:_identify(src/dyros_interface) by extension 'colcon_pkg'
[0.975s] Level 1:colcon.colcon_core.package_identification:_identify(src/dyros_interface) by extensions ['colcon_meta']
[0.975s] Level 1:colcon.colcon_core.package_identification:_identify(src/dyros_interface) by extension 'colcon_meta'
[0.976s] Level 1:colcon.colcon_core.package_identification:_identify(src/dyros_interface) by extensions ['ros']
[0.976s] Level 1:colcon.colcon_core.package_identification:_identify(src/dyros_interface) by extension 'ros'
[0.977s] DEBUG:colcon.colcon_core.package_identification:Package 'src/dyros_interface' with type 'ros.ament_cmake' and name 'dyros_interface'
[0.978s] Level 1:colcon.colcon_core.package_identification:_identify(src/dyros_python) by extensions ['ignore', 'ignore_ament_install']
[0.978s] Level 1:colcon.colcon_core.package_identification:_identify(src/dyros_python) by extension 'ignore'
[0.978s] Level 1:colcon.colcon_core.package_identification:_identify(src/dyros_python) by extension 'ignore_ament_install'
[0.978s] Level 1:colcon.colcon_core.package_identification:_identify(src/dyros_python) by extensions ['colcon_pkg']
[0.978s] Level 1:colcon.colcon_core.package_identification:_identify(src/dyros_python) by extension 'colcon_pkg'
[0.978s] Level 1:colcon.colcon_core.package_identification:_identify(src/dyros_python) by extensions ['colcon_meta']
[0.978s] Level 1:colcon.colcon_core.package_identification:_identify(src/dyros_python) by extension 'colcon_meta'
[0.979s] Level 1:colcon.colcon_core.package_identification:_identify(src/dyros_python) by extensions ['ros']
[0.979s] Level 1:colcon.colcon_core.package_identification:_identify(src/dyros_python) by extension 'ros'
[0.980s] DEBUG:colcon.colcon_core.package_identification:Package 'src/dyros_python' with type 'ros.ament_python' and name 'dyros_python'
[0.980s] Level 1:colcon.colcon_core.package_discovery:discover_packages(recursive) using defaults
[0.980s] Level 1:colcon.colcon_core.package_discovery:discover_packages(ignore) discover
[0.981s] Level 1:colcon.colcon_core.package_discovery:discover_packages(ignore) using defaults
[0.981s] Level 1:colcon.colcon_core.package_discovery:discover_packages(path) discover
[0.981s] Level 1:colcon.colcon_core.package_discovery:discover_packages(path) using defaults
[1.066s] INFO:colcon.colcon_core.package_selection:Skipping not selected package 'dyros_interface' in 'src/dyros_interface'
[1.067s] INFO:colcon.colcon_core.package_selection:Skipping not selected package 'dyros_python' in 'src/dyros_python'
[1.069s] Level 1:colcon.colcon_core.package_discovery:discover_packages(prefix_path) check parameters
[1.069s] Level 1:colcon.colcon_core.package_discovery:discover_packages(prefix_path) discover
[1.085s] DEBUG:colcon.colcon_installed_package_information.package_discovery:Found 3 installed packages in /home/dyros/ros2_ws/install
[1.093s] DEBUG:colcon.colcon_installed_package_information.package_discovery:Found 317 installed packages in /opt/ros/humble
[1.106s] Level 1:colcon.colcon_core.package_discovery:discover_packages(prefix_path) using defaults
[1.409s] Level 5:colcon.colcon_core.verb:set package 'dyros_cmake' build argument 'cmake_args' from command line to 'None'
[1.410s] Level 5:colcon.colcon_core.verb:set package 'dyros_cmake' build argument 'cmake_target' from command line to 'None'
[1.410s] Level 5:colcon.colcon_core.verb:set package 'dyros_cmake' build argument 'cmake_target_skip_unavailable' from command line to 'False'
[1.410s] Level 5:colcon.colcon_core.verb:set package 'dyros_cmake' build argument 'cmake_clean_cache' from command line to 'False'
[1.410s] Level 5:colcon.colcon_core.verb:set package 'dyros_cmake' build argument 'cmake_clean_first' from command line to 'False'
[1.410s] Level 5:colcon.colcon_core.verb:set package 'dyros_cmake' build argument 'cmake_force_configure' from command line to 'False'
[1.410s] Level 5:colcon.colcon_core.verb:set package 'dyros_cmake' build argument 'ament_cmake_args' from command line to 'None'
[1.410s] Level 5:colcon.colcon_core.verb:set package 'dyros_cmake' build argument 'catkin_cmake_args' from command line to 'None'
[1.410s] Level 5:colcon.colcon_core.verb:set package 'dyros_cmake' build argument 'catkin_skip_building_tests' from command line to 'False'
[1.410s] DEBUG:colcon.colcon_core.verb:Building package 'dyros_cmake' with the following arguments: {'ament_cmake_args': None, 'build_base': '/home/dyros/ros2_ws/build/dyros_cmake', 'catkin_cmake_args': None, 'catkin_skip_building_tests': False, 'cmake_args': None, 'cmake_clean_cache': False, 'cmake_clean_first': False, 'cmake_force_configure': False, 'cmake_target': None, 'cmake_target_skip_unavailable': False, 'install_base': '/home/dyros/ros2_ws/install/dyros_cmake', 'merge_install': False, 'path': '/home/dyros/ros2_ws/src/dyros_cmake', 'symlink_install': False, 'test_result_base': None}
[1.412s] INFO:colcon.colcon_core.executor:Executing jobs using 'parallel' executor
[1.418s] DEBUG:colcon.colcon_parallel_executor.executor.parallel:run_until_complete
[1.419s] INFO:colcon.colcon_ros.task.ament_cmake.build:Building ROS package in '/home/dyros/ros2_ws/src/dyros_cmake' with build type 'ament_cmake'
[1.419s] INFO:colcon.colcon_cmake.task.cmake.build:Building CMake package in '/home/dyros/ros2_ws/src/dyros_cmake'
[1.438s] INFO:colcon.colcon_core.plugin_system:Skipping extension 'colcon_core.shell.bat': Not used on non-Windows systems
[1.439s] INFO:colcon.colcon_core.shell:Skip shell extension 'powershell' for command environment: Not usable outside of PowerShell
[1.439s] DEBUG:colcon.colcon_core.shell:Skip shell extension 'dsv' for command environment
[1.480s] DEBUG:colcon.colcon_core.event_handler.log_command:Invoking command in '/home/dyros/ros2_ws/build/dyros_cmake': CMAKE_PREFIX_PATH=${CMAKE_PREFIX_PATH}:/home/dyros/ros2_ws/install/dyros_python:/opt/ros/humble /usr/bin/cmake --build /home/dyros/ros2_ws/build/dyros_cmake -- -j2 -l2
[12.222s] DEBUG:colcon.colcon_core.event_handler.log_command:Invoked command in '/home/dyros/ros2_ws/build/dyros_cmake' returned '0': CMAKE_PREFIX_PATH=${CMAKE_PREFIX_PATH}:/home/dyros/ros2_ws/install/dyros_python:/opt/ros/humble /usr/bin/cmake --build /home/dyros/ros2_ws/build/dyros_cmake -- -j2 -l2
[12.438s] DEBUG:colcon.colcon_core.event_handler.log_command:Invoking command in '/home/dyros/ros2_ws/build/dyros_cmake': CMAKE_PREFIX_PATH=${CMAKE_PREFIX_PATH}:/home/dyros/ros2_ws/install/dyros_python:/opt/ros/humble /usr/bin/cmake --install /home/dyros/ros2_ws/build/dyros_cmake
[12.529s] Level 1:colcon.colcon_core.environment:create_environment_scripts_only(dyros_cmake)
[12.547s] DEBUG:colcon.colcon_core.event_handler.log_command:Invoked command in '/home/dyros/ros2_ws/build/dyros_cmake' returned '0': CMAKE_PREFIX_PATH=${CMAKE_PREFIX_PATH}:/home/dyros/ros2_ws/install/dyros_python:/opt/ros/humble /usr/bin/cmake --install /home/dyros/ros2_ws/build/dyros_cmake
[12.766s] Level 1:colcon.colcon_core.environment:checking '/home/dyros/ros2_ws/install/dyros_cmake' for CMake module files
[12.773s] Level 1:colcon.colcon_core.environment:checking '/home/dyros/ros2_ws/install/dyros_cmake' for CMake config files
[12.777s] Level 1:colcon.colcon_core.shell:create_environment_hook('dyros_cmake', 'cmake_prefix_path')
[12.785s] INFO:colcon.colcon_core.shell:Creating environment hook '/home/dyros/ros2_ws/install/dyros_cmake/share/dyros_cmake/hook/cmake_prefix_path.ps1'
[12.811s] INFO:colcon.colcon_core.shell:Creating environment descriptor '/home/dyros/ros2_ws/install/dyros_cmake/share/dyros_cmake/hook/cmake_prefix_path.dsv'
[12.814s] INFO:colcon.colcon_core.shell:Creating environment hook '/home/dyros/ros2_ws/install/dyros_cmake/share/dyros_cmake/hook/cmake_prefix_path.sh'
[12.824s] Level 1:colcon.colcon_core.environment:checking '/home/dyros/ros2_ws/install/dyros_cmake/lib'
[12.824s] Level 1:colcon.colcon_core.environment:checking '/home/dyros/ros2_ws/install/dyros_cmake/bin'
[12.825s] Level 1:colcon.colcon_core.environment:checking '/home/dyros/ros2_ws/install/dyros_cmake/lib/pkgconfig/dyros_cmake.pc'
[12.836s] Level 1:colcon.colcon_core.environment:checking '/home/dyros/ros2_ws/install/dyros_cmake/lib/python3.10/site-packages'
[12.837s] Level 1:colcon.colcon_core.environment:checking '/home/dyros/ros2_ws/install/dyros_cmake/bin'
[12.842s] INFO:colcon.colcon_core.shell:Creating package script '/home/dyros/ros2_ws/install/dyros_cmake/share/dyros_cmake/package.ps1'
[12.847s] INFO:colcon.colcon_core.shell:Creating package descriptor '/home/dyros/ros2_ws/install/dyros_cmake/share/dyros_cmake/package.dsv'
[12.850s] INFO:colcon.colcon_core.shell:Creating package script '/home/dyros/ros2_ws/install/dyros_cmake/share/dyros_cmake/package.sh'
[12.860s] INFO:colcon.colcon_core.shell:Creating package script '/home/dyros/ros2_ws/install/dyros_cmake/share/dyros_cmake/package.bash'
[12.864s] INFO:colcon.colcon_core.shell:Creating package script '/home/dyros/ros2_ws/install/dyros_cmake/share/dyros_cmake/package.zsh'
[12.868s] Level 1:colcon.colcon_core.environment:create_file_with_runtime_dependencies(/home/dyros/ros2_ws/install/dyros_cmake/share/colcon-core/packages/dyros_cmake)
[12.993s] Level 1:colcon.colcon_core.environment:create_environment_scripts_only(dyros_cmake)
[12.999s] Level 1:colcon.colcon_core.environment:checking '/home/dyros/ros2_ws/install/dyros_cmake' for CMake module files
[13.000s] Level 1:colcon.colcon_core.environment:checking '/home/dyros/ros2_ws/install/dyros_cmake' for CMake config files
[13.001s] Level 1:colcon.colcon_core.shell:create_environment_hook('dyros_cmake', 'cmake_prefix_path')
[13.009s] INFO:colcon.colcon_core.shell:Creating environment hook '/home/dyros/ros2_ws/install/dyros_cmake/share/dyros_cmake/hook/cmake_prefix_path.ps1'
[13.012s] INFO:colcon.colcon_core.shell:Creating environment descriptor '/home/dyros/ros2_ws/install/dyros_cmake/share/dyros_cmake/hook/cmake_prefix_path.dsv'
[13.014s] INFO:colcon.colcon_core.shell:Creating environment hook '/home/dyros/ros2_ws/install/dyros_cmake/share/dyros_cmake/hook/cmake_prefix_path.sh'
[13.022s] Level 1:colcon.colcon_core.environment:checking '/home/dyros/ros2_ws/install/dyros_cmake/lib'
[13.024s] Level 1:colcon.colcon_core.environment:checking '/home/dyros/ros2_ws/install/dyros_cmake/bin'
[13.024s] Level 1:colcon.colcon_core.environment:checking '/home/dyros/ros2_ws/install/dyros_cmake/lib/pkgconfig/dyros_cmake.pc'
[13.025s] Level 1:colcon.colcon_core.environment:checking '/home/dyros/ros2_ws/install/dyros_cmake/lib/python3.10/site-packages'
[13.025s] Level 1:colcon.colcon_core.environment:checking '/home/dyros/ros2_ws/install/dyros_cmake/bin'
[13.035s] INFO:colcon.colcon_core.shell:Creating package script '/home/dyros/ros2_ws/install/dyros_cmake/share/dyros_cmake/package.ps1'
[13.036s] INFO:colcon.colcon_core.shell:Creating package descriptor '/home/dyros/ros2_ws/install/dyros_cmake/share/dyros_cmake/package.dsv'
[13.038s] INFO:colcon.colcon_core.shell:Creating package script '/home/dyros/ros2_ws/install/dyros_cmake/share/dyros_cmake/package.sh'
[13.039s] INFO:colcon.colcon_core.shell:Creating package script '/home/dyros/ros2_ws/install/dyros_cmake/share/dyros_cmake/package.bash'
[13.040s] INFO:colcon.colcon_core.shell:Creating package script '/home/dyros/ros2_ws/install/dyros_cmake/share/dyros_cmake/package.zsh'
[13.041s] Level 1:colcon.colcon_core.environment:create_file_with_runtime_dependencies(/home/dyros/ros2_ws/install/dyros_cmake/share/colcon-core/packages/dyros_cmake)
[13.065s] DEBUG:colcon.colcon_parallel_executor.executor.parallel:closing loop
[13.071s] DEBUG:colcon.colcon_parallel_executor.executor.parallel:loop closed
[13.072s] DEBUG:colcon.colcon_parallel_executor.executor.parallel:run_until_complete finished with '0'
[13.073s] DEBUG:colcon.colcon_core.event_reactor:joining thread
[13.179s] INFO:colcon.colcon_core.plugin_system:Skipping extension 'colcon_notification.desktop_notification.terminal_notifier': Not used on non-Darwin systems
[13.179s] INFO:colcon.colcon_core.plugin_system:Skipping extension 'colcon_notification.desktop_notification.win32': Not used on non-Windows systems
[13.180s] INFO:colcon.colcon_notification.desktop_notification:Sending desktop notification using 'notify2'
[13.338s] DEBUG:colcon.colcon_core.event_reactor:joined thread
[13.346s] INFO:colcon.colcon_core.shell:Creating prefix script '/home/dyros/ros2_ws/install/local_setup.ps1'
[13.348s] INFO:colcon.colcon_core.shell:Creating prefix util module '/home/dyros/ros2_ws/install/_local_setup_util_ps1.py'
[13.351s] INFO:colcon.colcon_core.shell:Creating prefix chain script '/home/dyros/ros2_ws/install/setup.ps1'
[13.360s] INFO:colcon.colcon_core.shell:Creating prefix script '/home/dyros/ros2_ws/install/local_setup.sh'
[13.363s] INFO:colcon.colcon_core.shell:Creating prefix util module '/home/dyros/ros2_ws/install/_local_setup_util_sh.py'
[13.364s] INFO:colcon.colcon_core.shell:Creating prefix chain script '/home/dyros/ros2_ws/install/setup.sh'
[13.368s] INFO:colcon.colcon_core.shell:Creating prefix script '/home/dyros/ros2_ws/install/local_setup.bash'
[13.371s] INFO:colcon.colcon_core.shell:Creating prefix chain script '/home/dyros/ros2_ws/install/setup.bash'
[13.375s] INFO:colcon.colcon_core.shell:Creating prefix script '/home/dyros/ros2_ws/install/local_setup.zsh'
[13.377s] INFO:colcon.colcon_core.shell:Creating prefix chain script '/home/dyros/ros2_ws/install/setup.zsh'
