[0.060s] Invoking command in '/home/dyros/ros2_ws/build/dyros_cmake': CMAKE_PREFIX_PATH=${CMAKE_PREFIX_PATH}:/home/dyros/ros2_ws/install/dyros_python:/opt/ros/humble /usr/bin/cmake --build /home/dyros/ros2_ws/build/dyros_cmake -- -j2 -l2
[0.367s] [ 25%] Built target dyros_cpp_pub
[0.439s] [ 50%] Built target dyros_cpp_sub
[0.479s] [35m[1mConsolidate compiler generated dependencies of target dyros_cpp_server[0m
[0.525s] [ 75%] Built target dyros_cpp_server
[0.574s] [35m[1mConsolidate compiler generated dependencies of target dyros_cpp_client[0m
[0.614s] [ 87%] [32mBuilding CXX object CMakeFiles/dyros_cpp_client.dir/src/dyros_cpp_client.cpp.o[0m
[6.855s] In file included from [01m[K/opt/ros/humble/include/rclcpp/rclcpp/logging.hpp:24[m[K,
[6.860s]                  from [01m[K/opt/ros/humble/include/rclcpp/rclcpp/client.hpp:40[m[K,
[6.860s]                  from [01m[K/opt/ros/humble/include/rclcpp/rclcpp/callback_group.hpp:23[m[K,
[6.860s]                  from [01m[K/opt/ros/humble/include/rclcpp/rclcpp/any_executable.hpp:20[m[K,
[6.860s]                  from [01m[K/opt/ros/humble/include/rclcpp/rclcpp/memory_strategy.hpp:25[m[K,
[6.860s]                  from [01m[K/opt/ros/humble/include/rclcpp/rclcpp/memory_strategies.hpp:18[m[K,
[6.860s]                  from [01m[K/opt/ros/humble/include/rclcpp/rclcpp/executor_options.hpp:20[m[K,
[6.860s]                  from [01m[K/opt/ros/humble/include/rclcpp/rclcpp/executor.hpp:37[m[K,
[6.860s]                  from [01m[K/opt/ros/humble/include/rclcpp/rclcpp/executors/multi_threaded_executor.hpp:25[m[K,
[6.860s]                  from [01m[K/opt/ros/humble/include/rclcpp/rclcpp/executors.hpp:21[m[K,
[6.860s]                  from [01m[K/opt/ros/humble/include/rclcpp/rclcpp/rclcpp.hpp:155[m[K,
[6.861s]                  from [01m[K/home/dyros/ros2_ws/src/dyros_cmake/src/dyros_cpp_client.cpp:1[m[K:
[6.861s] [01m[K/home/dyros/ros2_ws/src/dyros_cmake/src/dyros_cpp_client.cpp:[m[K In function ‘[01m[Kint main(int, char**)[m[K’:
[6.861s] [01m[K/home/dyros/ros2_ws/src/dyros_cmake/src/dyros_cpp_client.cpp:31:43:[m[K [01;35m[Kwarning: [m[Kformat ‘[01m[K%f[m[K’ expects argument of type ‘[01m[Kdouble[m[K’, but argument 5 has type ‘[01m[Kint[m[K’ [[01;35m[K]8;;https://gcc.gnu.org/onlinedocs/gcc/Warning-Options.html#index-Wformat=-Wformat=]8;;[m[K]
[6.861s]    31 | RCLCPP_INFO(rclcpp::get_logger("rclcpp"), [01;35m[K"Sum: %f"[m[K, [32m[Kresult.get()->sum[m[K);
[6.861s]       |                                           [01;35m[K^~~~~~~~~[m[K  [32m[K~~~~~~~~~~~~~~~~~[m[K
[6.861s]       |                                                                    [32m[K|[m[K
[6.861s]       |                                                                    [32m[Kint[m[K
[6.861s] [01m[K/home/dyros/ros2_ws/src/dyros_cmake/src/dyros_cpp_client.cpp:31:50:[m[K [01;36m[Knote: [m[Kformat string is defined here
[6.861s]    31 | RCLCPP_INFO(rclcpp::get_logger("rclcpp"), "Sum: [01;36m[K%f[m[K", result.get()->sum);
[6.861s]       |                                                 [01;36m[K~^[m[K
[6.861s]       |                                                  [01;36m[K|[m[K
[6.861s]       |                                                  [01;36m[Kdouble[m[K
[6.862s]       |                                                 [32m[K%d[m[K
[9.974s] [100%] [32m[1mLinking CXX executable dyros_cpp_client[0m
[10.583s] [100%] Built target dyros_cpp_client
[10.787s] Invoked command in '/home/dyros/ros2_ws/build/dyros_cmake' returned '0': CMAKE_PREFIX_PATH=${CMAKE_PREFIX_PATH}:/home/dyros/ros2_ws/install/dyros_python:/opt/ros/humble /usr/bin/cmake --build /home/dyros/ros2_ws/build/dyros_cmake -- -j2 -l2
[11.018s] Invoking command in '/home/dyros/ros2_ws/build/dyros_cmake': CMAKE_PREFIX_PATH=${CMAKE_PREFIX_PATH}:/home/dyros/ros2_ws/install/dyros_python:/opt/ros/humble /usr/bin/cmake --install /home/dyros/ros2_ws/build/dyros_cmake
[11.046s] -- Install configuration: ""
[11.051s] -- Up-to-date: /home/dyros/ros2_ws/install/dyros_cmake/lib/dyros_cmake/dyros_cpp_pub
[11.054s] -- Installing: /home/dyros/ros2_ws/install/dyros_cmake/lib/dyros_cmake/dyros_cpp_sub
[11.069s] -- Set runtime path of "/home/dyros/ros2_ws/install/dyros_cmake/lib/dyros_cmake/dyros_cpp_sub" to ""
[11.069s] -- Installing: /home/dyros/ros2_ws/install/dyros_cmake/lib/dyros_cmake/dyros_cpp_server
[11.076s] -- Set runtime path of "/home/dyros/ros2_ws/install/dyros_cmake/lib/dyros_cmake/dyros_cpp_server" to ""
[11.076s] -- Installing: /home/dyros/ros2_ws/install/dyros_cmake/lib/dyros_cmake/dyros_cpp_client
[11.077s] -- Set runtime path of "/home/dyros/ros2_ws/install/dyros_cmake/lib/dyros_cmake/dyros_cpp_client" to ""
[11.086s] -- Installing: /home/dyros/ros2_ws/install/dyros_cmake/share/ament_index/resource_index/package_run_dependencies/dyros_cmake
[11.087s] -- Installing: /home/dyros/ros2_ws/install/dyros_cmake/share/ament_index/resource_index/parent_prefix_path/dyros_cmake
[11.091s] -- Up-to-date: /home/dyros/ros2_ws/install/dyros_cmake/share/dyros_cmake/environment/ament_prefix_path.sh
[11.091s] -- Installing: /home/dyros/ros2_ws/install/dyros_cmake/share/dyros_cmake/environment/ament_prefix_path.dsv
[11.092s] -- Up-to-date: /home/dyros/ros2_ws/install/dyros_cmake/share/dyros_cmake/environment/path.sh
[11.092s] -- Installing: /home/dyros/ros2_ws/install/dyros_cmake/share/dyros_cmake/environment/path.dsv
[11.092s] -- Up-to-date: /home/dyros/ros2_ws/install/dyros_cmake/share/dyros_cmake/local_setup.bash
[11.093s] -- Up-to-date: /home/dyros/ros2_ws/install/dyros_cmake/share/dyros_cmake/local_setup.sh
[11.093s] -- Up-to-date: /home/dyros/ros2_ws/install/dyros_cmake/share/dyros_cmake/local_setup.zsh
[11.093s] -- Installing: /home/dyros/ros2_ws/install/dyros_cmake/share/dyros_cmake/local_setup.dsv
[11.094s] -- Installing: /home/dyros/ros2_ws/install/dyros_cmake/share/dyros_cmake/package.dsv
[11.094s] -- Up-to-date: /home/dyros/ros2_ws/install/dyros_cmake/share/ament_index/resource_index/packages/dyros_cmake
[11.096s] -- Up-to-date: /home/dyros/ros2_ws/install/dyros_cmake/share/dyros_cmake/cmake/dyros_cmakeConfig.cmake
[11.096s] -- Up-to-date: /home/dyros/ros2_ws/install/dyros_cmake/share/dyros_cmake/cmake/dyros_cmakeConfig-version.cmake
[11.096s] -- Installing: /home/dyros/ros2_ws/install/dyros_cmake/share/dyros_cmake/package.xml
[11.122s] Invoked command in '/home/dyros/ros2_ws/build/dyros_cmake' returned '0': CMAKE_PREFIX_PATH=${CMAKE_PREFIX_PATH}:/home/dyros/ros2_ws/install/dyros_python:/opt/ros/humble /usr/bin/cmake --install /home/dyros/ros2_ws/build/dyros_cmake
