running egg_info
writing ../../build/dyros_python/dyros_python.egg-info/PKG-INFO
writing dependency_links to ../../build/dyros_python/dyros_python.egg-info/dependency_links.txt
writing entry points to ../../build/dyros_python/dyros_python.egg-info/entry_points.txt
writing requirements to ../../build/dyros_python/dyros_python.egg-info/requires.txt
writing top-level names to ../../build/dyros_python/dyros_python.egg-info/top_level.txt
reading manifest file '../../build/dyros_python/dyros_python.egg-info/SOURCES.txt'
writing manifest file '../../build/dyros_python/dyros_python.egg-info/SOURCES.txt'
running build
running build_py
running install
running install_lib
running install_data
running install_egg_info
removing '/home/dyros/ros2_ws/install/dyros_python/lib/python3.10/site-packages/dyros_python-0.0.0-py3.10.egg-info' (and everything under it)
Copying ../../build/dyros_python/dyros_python.egg-info to /home/dyros/ros2_ws/install/dyros_python/lib/python3.10/site-packages/dyros_python-0.0.0-py3.10.egg-info
running install_scripts
Installing dyros_py_pub script to /home/dyros/ros2_ws/install/dyros_python/lib/dyros_python
Installing dyros_py_sub script to /home/dyros/ros2_ws/install/dyros_python/lib/dyros_python
writing list of installed files to '/home/dyros/ros2_ws/build/dyros_python/install.log'
