[1.528s] Invoking command in '/home/dyros/ros2_ws/src/dyros_python': PYTHONPATH=/home/dyros/ros2_ws/build/dyros_python/prefix_override:/home/dyros/ros2_ws/install/dyros_python/lib/python3.10/site-packages:${PYTHONPATH} /usr/bin/python3 setup.py egg_info --egg-base ../../build/dyros_python build --build-base /home/dyros/ros2_ws/build/dyros_python/build install --record /home/dyros/ros2_ws/build/dyros_python/install.log --single-version-externally-managed
[2.110s] running egg_info
[2.113s] writing ../../build/dyros_python/dyros_python.egg-info/PKG-INFO
[2.126s] writing dependency_links to ../../build/dyros_python/dyros_python.egg-info/dependency_links.txt
[2.127s] writing entry points to ../../build/dyros_python/dyros_python.egg-info/entry_points.txt
[2.129s] writing requirements to ../../build/dyros_python/dyros_python.egg-info/requires.txt
[2.130s] writing top-level names to ../../build/dyros_python/dyros_python.egg-info/top_level.txt
[2.138s] reading manifest file '../../build/dyros_python/dyros_python.egg-info/SOURCES.txt'
[2.143s] writing manifest file '../../build/dyros_python/dyros_python.egg-info/SOURCES.txt'
[2.143s] running build
[2.144s] running build_py
[2.148s] running install
[2.149s] running install_lib
[2.157s] running install_data
[2.159s] running install_egg_info
[2.166s] removing '/home/dyros/ros2_ws/install/dyros_python/lib/python3.10/site-packages/dyros_python-0.0.0-py3.10.egg-info' (and everything under it)
[2.167s] Copying ../../build/dyros_python/dyros_python.egg-info to /home/dyros/ros2_ws/install/dyros_python/lib/python3.10/site-packages/dyros_python-0.0.0-py3.10.egg-info
[2.171s] running install_scripts
[2.252s] Installing dyros_py_pub script to /home/dyros/ros2_ws/install/dyros_python/lib/dyros_python
[2.253s] Installing dyros_py_sub script to /home/dyros/ros2_ws/install/dyros_python/lib/dyros_python
[2.254s] writing list of installed files to '/home/dyros/ros2_ws/build/dyros_python/install.log'
