-- Found ament_cmake: 1.3.3 (/opt/ros/humble/share/ament_cmake/cmake)
-- Found rclcpp: 16.0.2 (/opt/ros/humble/share/rclcpp/cmake)
-- Found rosidl_generator_c: 3.1.4 (/opt/ros/humble/share/rosidl_generator_c/cmake)
-- Found rosidl_adapter: 3.1.4 (/opt/ros/humble/share/rosidl_adapter/cmake)
-- Found rosidl_generator_cpp: 3.1.4 (/opt/ros/humble/share/rosidl_generator_cpp/cmake)
-- Using all available rosidl_typesupport_c: rosidl_typesupport_fastrtps_c;rosidl_typesupport_introspection_c
-- Using all available rosidl_typesupport_cpp: rosidl_typesupport_fastrtps_cpp;rosidl_typesupport_introspection_cpp
-- Found rmw_implementation_cmake: 6.1.1 (/opt/ros/humble/share/rmw_implementation_cmake/cmake)
-- Found rmw_fastrtps_cpp: 6.2.2 (/opt/ros/humble/share/rmw_fastrtps_cpp/cmake)
-- Using RMW implementation 'rmw_fastrtps_cpp' as default
-- Found dyros_interface: 0.0.0 (/home/dyros/ros2_ws/install/dyros_interface/share/dyros_interface/cmake)
-- Found ament_lint_auto: 0.12.4 (/opt/ros/humble/share/ament_lint_auto/cmake)
-- Added test 'cppcheck' to perform static code analysis on C / C++ code
-- Configured cppcheck include dirs: /home/dyros/ros2_ws/src/dyros_cmake/include
-- Configured cppcheck exclude dirs and/or files: 
-- Added test 'lint_cmake' to check CMake code style
-- Added test 'uncrustify' to check C / C++ code style
-- Configured uncrustify additional arguments: 
-- Added test 'xmllint' to check XML markup files
-- Configuring done
-- Generating done
-- Build files have been written to: /home/dyros/ros2_ws/build/dyros_cmake
[35m[1mConsolidate compiler generated dependencies of target dyros_cpp_pub[0m
[ 25%] Built target dyros_cpp_pub
[35m[1mConsolidate compiler generated dependencies of target dyros_cpp_sub[0m
[ 37%] [32mBuilding CXX object CMakeFiles/dyros_cpp_sub.dir/src/dyros_cpp_sub.cpp.o[0m
[ 50%] [32m[1mLinking CXX executable dyros_cpp_sub[0m
[ 50%] Built target dyros_cpp_sub
[ 62%] [32mBuilding CXX object CMakeFiles/dyros_cpp_server.dir/src/dyros_cpp_server.cpp.o[0m
