[0.359s] DEBUG:colcon:Command line arguments: ['/usr/bin/colcon', 'build', '--packages-select', 'dyros_interface']
[0.359s] DEBUG:colcon:Parsed command line arguments: Namespace(log_base=None, log_level=None, verb_name='build', build_base='build', install_base='install', merge_install=False, symlink_install=False, test_result_base=None, continue_on_error=False, executor='parallel', parallel_workers=2, event_handlers=None, ignore_user_meta=False, metas=['./colcon.meta'], base_paths=['.'], packages_ignore=None, packages_ignore_regex=None, paths=None, packages_up_to=None, packages_up_to_regex=None, packages_above=None, packages_above_and_dependencies=None, packages_above_depth=None, packages_select_by_dep=None, packages_skip_by_dep=None, packages_skip_up_to=None, packages_select_build_failed=False, packages_skip_build_finished=False, packages_select_test_failures=False, packages_skip_test_passed=False, packages_select=['dyros_interface'], packages_skip=None, packages_select_regex=None, packages_skip_regex=None, packages_start=None, packages_end=None, allow_overriding=[], cmake_args=None, cmake_target=None, cmake_target_skip_unavailable=False, cmake_clean_cache=False, cmake_clean_first=False, cmake_force_configure=False, ament_cmake_args=None, catkin_cmake_args=None, catkin_skip_building_tests=False, verb_parser=<colcon_defaults.argument_parser.defaults.DefaultArgumentsDecorator object at 0x7fe6c7c78bb0>, verb_extension=<colcon_core.verb.build.BuildVerb object at 0x7fe6c7c78640>, main=<bound method BuildVerb.main of <colcon_core.verb.build.BuildVerb object at 0x7fe6c7c78640>>)
[0.556s] Level 1:colcon.colcon_core.package_discovery:discover_packages(colcon_meta) check parameters
[0.557s] Level 1:colcon.colcon_core.package_discovery:discover_packages(recursive) check parameters
[0.557s] Level 1:colcon.colcon_core.package_discovery:discover_packages(ignore) check parameters
[0.558s] Level 1:colcon.colcon_core.package_discovery:discover_packages(path) check parameters
[0.559s] Level 1:colcon.colcon_core.package_discovery:discover_packages(colcon_meta) discover
[0.559s] Level 1:colcon.colcon_core.package_discovery:discover_packages(recursive) discover
[0.559s] INFO:colcon.colcon_core.package_discovery:Crawling recursively for packages in '/home/dyros/ros2_ws'
[0.560s] Level 1:colcon.colcon_core.package_identification:_identify(.) by extensions ['ignore', 'ignore_ament_install']
[0.560s] Level 1:colcon.colcon_core.package_identification:_identify(.) by extension 'ignore'
[0.560s] Level 1:colcon.colcon_core.package_identification:_identify(.) by extension 'ignore_ament_install'
[0.560s] Level 1:colcon.colcon_core.package_identification:_identify(.) by extensions ['colcon_pkg']
[0.561s] Level 1:colcon.colcon_core.package_identification:_identify(.) by extension 'colcon_pkg'
[0.561s] Level 1:colcon.colcon_core.package_identification:_identify(.) by extensions ['colcon_meta']
[0.561s] Level 1:colcon.colcon_core.package_identification:_identify(.) by extension 'colcon_meta'
[0.561s] Level 1:colcon.colcon_core.package_identification:_identify(.) by extensions ['ros']
[0.561s] Level 1:colcon.colcon_core.package_identification:_identify(.) by extension 'ros'
[0.627s] Level 1:colcon.colcon_core.package_identification:_identify(.) by extensions ['cmake', 'python']
[0.627s] Level 1:colcon.colcon_core.package_identification:_identify(.) by extension 'cmake'
[0.627s] Level 1:colcon.colcon_core.package_identification:_identify(.) by extension 'python'
[0.628s] Level 1:colcon.colcon_core.package_identification:_identify(.) by extensions ['python_setup_py']
[0.628s] Level 1:colcon.colcon_core.package_identification:_identify(.) by extension 'python_setup_py'
[0.629s] Level 1:colcon.colcon_core.package_identification:_identify(build) by extensions ['ignore', 'ignore_ament_install']
[0.630s] Level 1:colcon.colcon_core.package_identification:_identify(build) by extension 'ignore'
[0.630s] Level 1:colcon.colcon_core.package_identification:_identify(build) ignored
[0.631s] Level 1:colcon.colcon_core.package_identification:_identify(install) by extensions ['ignore', 'ignore_ament_install']
[0.631s] Level 1:colcon.colcon_core.package_identification:_identify(install) by extension 'ignore'
[0.631s] Level 1:colcon.colcon_core.package_identification:_identify(install) ignored
[0.631s] Level 1:colcon.colcon_core.package_identification:_identify(log) by extensions ['ignore', 'ignore_ament_install']
[0.633s] Level 1:colcon.colcon_core.package_identification:_identify(log) by extension 'ignore'
[0.633s] Level 1:colcon.colcon_core.package_identification:_identify(log) ignored
[0.642s] Level 1:colcon.colcon_core.package_identification:_identify(src) by extensions ['ignore', 'ignore_ament_install']
[0.643s] Level 1:colcon.colcon_core.package_identification:_identify(src) by extension 'ignore'
[0.643s] Level 1:colcon.colcon_core.package_identification:_identify(src) by extension 'ignore_ament_install'
[0.644s] Level 1:colcon.colcon_core.package_identification:_identify(src) by extensions ['colcon_pkg']
[0.644s] Level 1:colcon.colcon_core.package_identification:_identify(src) by extension 'colcon_pkg'
[0.644s] Level 1:colcon.colcon_core.package_identification:_identify(src) by extensions ['colcon_meta']
[0.644s] Level 1:colcon.colcon_core.package_identification:_identify(src) by extension 'colcon_meta'
[0.644s] Level 1:colcon.colcon_core.package_identification:_identify(src) by extensions ['ros']
[0.644s] Level 1:colcon.colcon_core.package_identification:_identify(src) by extension 'ros'
[0.645s] Level 1:colcon.colcon_core.package_identification:_identify(src) by extensions ['cmake', 'python']
[0.645s] Level 1:colcon.colcon_core.package_identification:_identify(src) by extension 'cmake'
[0.645s] Level 1:colcon.colcon_core.package_identification:_identify(src) by extension 'python'
[0.645s] Level 1:colcon.colcon_core.package_identification:_identify(src) by extensions ['python_setup_py']
[0.645s] Level 1:colcon.colcon_core.package_identification:_identify(src) by extension 'python_setup_py'
[0.646s] Level 1:colcon.colcon_core.package_identification:_identify(src/dyros_cmake) by extensions ['ignore', 'ignore_ament_install']
[0.646s] Level 1:colcon.colcon_core.package_identification:_identify(src/dyros_cmake) by extension 'ignore'
[0.646s] Level 1:colcon.colcon_core.package_identification:_identify(src/dyros_cmake) by extension 'ignore_ament_install'
[0.647s] Level 1:colcon.colcon_core.package_identification:_identify(src/dyros_cmake) by extensions ['colcon_pkg']
[0.647s] Level 1:colcon.colcon_core.package_identification:_identify(src/dyros_cmake) by extension 'colcon_pkg'
[0.647s] Level 1:colcon.colcon_core.package_identification:_identify(src/dyros_cmake) by extensions ['colcon_meta']
[0.647s] Level 1:colcon.colcon_core.package_identification:_identify(src/dyros_cmake) by extension 'colcon_meta'
[0.647s] Level 1:colcon.colcon_core.package_identification:_identify(src/dyros_cmake) by extensions ['ros']
[0.647s] Level 1:colcon.colcon_core.package_identification:_identify(src/dyros_cmake) by extension 'ros'
[0.662s] DEBUG:colcon.colcon_core.package_identification:Package 'src/dyros_cmake' with type 'ros.ament_cmake' and name 'dyros_cmake'
[0.663s] Level 1:colcon.colcon_core.package_identification:_identify(src/dyros_interface) by extensions ['ignore', 'ignore_ament_install']
[0.663s] Level 1:colcon.colcon_core.package_identification:_identify(src/dyros_interface) by extension 'ignore'
[0.663s] Level 1:colcon.colcon_core.package_identification:_identify(src/dyros_interface) by extension 'ignore_ament_install'
[0.664s] Level 1:colcon.colcon_core.package_identification:_identify(src/dyros_interface) by extensions ['colcon_pkg']
[0.664s] Level 1:colcon.colcon_core.package_identification:_identify(src/dyros_interface) by extension 'colcon_pkg'
[0.664s] Level 1:colcon.colcon_core.package_identification:_identify(src/dyros_interface) by extensions ['colcon_meta']
[0.664s] Level 1:colcon.colcon_core.package_identification:_identify(src/dyros_interface) by extension 'colcon_meta'
[0.664s] Level 1:colcon.colcon_core.package_identification:_identify(src/dyros_interface) by extensions ['ros']
[0.664s] Level 1:colcon.colcon_core.package_identification:_identify(src/dyros_interface) by extension 'ros'
[0.666s] DEBUG:colcon.colcon_core.package_identification:Package 'src/dyros_interface' with type 'ros.ament_cmake' and name 'dyros_interface'
[0.667s] Level 1:colcon.colcon_core.package_identification:_identify(src/dyros_python) by extensions ['ignore', 'ignore_ament_install']
[0.668s] Level 1:colcon.colcon_core.package_identification:_identify(src/dyros_python) by extension 'ignore'
[0.668s] Level 1:colcon.colcon_core.package_identification:_identify(src/dyros_python) by extension 'ignore_ament_install'
[0.668s] Level 1:colcon.colcon_core.package_identification:_identify(src/dyros_python) by extensions ['colcon_pkg']
[0.669s] Level 1:colcon.colcon_core.package_identification:_identify(src/dyros_python) by extension 'colcon_pkg'
[0.669s] Level 1:colcon.colcon_core.package_identification:_identify(src/dyros_python) by extensions ['colcon_meta']
[0.669s] Level 1:colcon.colcon_core.package_identification:_identify(src/dyros_python) by extension 'colcon_meta'
[0.669s] Level 1:colcon.colcon_core.package_identification:_identify(src/dyros_python) by extensions ['ros']
[0.669s] Level 1:colcon.colcon_core.package_identification:_identify(src/dyros_python) by extension 'ros'
[0.673s] DEBUG:colcon.colcon_core.package_identification:Package 'src/dyros_python' with type 'ros.ament_python' and name 'dyros_python'
[0.673s] Level 1:colcon.colcon_core.package_discovery:discover_packages(recursive) using defaults
[0.673s] Level 1:colcon.colcon_core.package_discovery:discover_packages(ignore) discover
[0.673s] Level 1:colcon.colcon_core.package_discovery:discover_packages(ignore) using defaults
[0.673s] Level 1:colcon.colcon_core.package_discovery:discover_packages(path) discover
[0.673s] Level 1:colcon.colcon_core.package_discovery:discover_packages(path) using defaults
[0.815s] INFO:colcon.colcon_core.package_selection:Skipping not selected package 'dyros_cmake' in 'src/dyros_cmake'
[0.815s] INFO:colcon.colcon_core.package_selection:Skipping not selected package 'dyros_python' in 'src/dyros_python'
[0.820s] Level 1:colcon.colcon_core.package_discovery:discover_packages(prefix_path) check parameters
[0.820s] Level 1:colcon.colcon_core.package_discovery:discover_packages(prefix_path) discover
[0.841s] DEBUG:colcon.colcon_installed_package_information.package_discovery:Found 2 installed packages in /home/dyros/ros2_ws/install
[0.848s] DEBUG:colcon.colcon_installed_package_information.package_discovery:Found 317 installed packages in /opt/ros/humble
[0.854s] Level 1:colcon.colcon_core.package_discovery:discover_packages(prefix_path) using defaults
[1.151s] Level 5:colcon.colcon_core.verb:set package 'dyros_interface' build argument 'cmake_args' from command line to 'None'
[1.152s] Level 5:colcon.colcon_core.verb:set package 'dyros_interface' build argument 'cmake_target' from command line to 'None'
[1.152s] Level 5:colcon.colcon_core.verb:set package 'dyros_interface' build argument 'cmake_target_skip_unavailable' from command line to 'False'
[1.152s] Level 5:colcon.colcon_core.verb:set package 'dyros_interface' build argument 'cmake_clean_cache' from command line to 'False'
[1.152s] Level 5:colcon.colcon_core.verb:set package 'dyros_interface' build argument 'cmake_clean_first' from command line to 'False'
[1.152s] Level 5:colcon.colcon_core.verb:set package 'dyros_interface' build argument 'cmake_force_configure' from command line to 'False'
[1.152s] Level 5:colcon.colcon_core.verb:set package 'dyros_interface' build argument 'ament_cmake_args' from command line to 'None'
[1.152s] Level 5:colcon.colcon_core.verb:set package 'dyros_interface' build argument 'catkin_cmake_args' from command line to 'None'
[1.152s] Level 5:colcon.colcon_core.verb:set package 'dyros_interface' build argument 'catkin_skip_building_tests' from command line to 'False'
[1.153s] DEBUG:colcon.colcon_core.verb:Building package 'dyros_interface' with the following arguments: {'ament_cmake_args': None, 'build_base': '/home/dyros/ros2_ws/build/dyros_interface', 'catkin_cmake_args': None, 'catkin_skip_building_tests': False, 'cmake_args': None, 'cmake_clean_cache': False, 'cmake_clean_first': False, 'cmake_force_configure': False, 'cmake_target': None, 'cmake_target_skip_unavailable': False, 'install_base': '/home/dyros/ros2_ws/install/dyros_interface', 'merge_install': False, 'path': '/home/dyros/ros2_ws/src/dyros_interface', 'symlink_install': False, 'test_result_base': None}
[1.155s] INFO:colcon.colcon_core.executor:Executing jobs using 'parallel' executor
[1.169s] DEBUG:colcon.colcon_parallel_executor.executor.parallel:run_until_complete
[1.170s] INFO:colcon.colcon_ros.task.ament_cmake.build:Building ROS package in '/home/dyros/ros2_ws/src/dyros_interface' with build type 'ament_cmake'
[1.171s] INFO:colcon.colcon_cmake.task.cmake.build:Building CMake package in '/home/dyros/ros2_ws/src/dyros_interface'
[1.235s] INFO:colcon.colcon_core.plugin_system:Skipping extension 'colcon_core.shell.bat': Not used on non-Windows systems
[1.236s] INFO:colcon.colcon_core.shell:Skip shell extension 'powershell' for command environment: Not usable outside of PowerShell
[1.236s] DEBUG:colcon.colcon_core.shell:Skip shell extension 'dsv' for command environment
[1.288s] DEBUG:colcon.colcon_core.event_handler.log_command:Invoking command in '/home/dyros/ros2_ws/build/dyros_interface': CMAKE_PREFIX_PATH=${CMAKE_PREFIX_PATH}:/home/dyros/ros2_ws/install/dyros_python:/opt/ros/humble /usr/bin/cmake /home/dyros/ros2_ws/src/dyros_interface -DCMAKE_INSTALL_PREFIX=/home/dyros/ros2_ws/install/dyros_interface
[8.702s] DEBUG:colcon.colcon_core.event_handler.log_command:Invoked command in '/home/dyros/ros2_ws/build/dyros_interface' returned '0': CMAKE_PREFIX_PATH=${CMAKE_PREFIX_PATH}:/home/dyros/ros2_ws/install/dyros_python:/opt/ros/humble /usr/bin/cmake /home/dyros/ros2_ws/src/dyros_interface -DCMAKE_INSTALL_PREFIX=/home/dyros/ros2_ws/install/dyros_interface
[8.704s] DEBUG:colcon.colcon_core.event_handler.log_command:Invoking command in '/home/dyros/ros2_ws/build/dyros_interface': CMAKE_PREFIX_PATH=${CMAKE_PREFIX_PATH}:/home/dyros/ros2_ws/install/dyros_python:/opt/ros/humble /usr/bin/cmake --build /home/dyros/ros2_ws/build/dyros_interface -- -j2 -l2
[34.969s] DEBUG:colcon.colcon_core.event_handler.log_command:Invoked command in '/home/dyros/ros2_ws/build/dyros_interface' returned '0': CMAKE_PREFIX_PATH=${CMAKE_PREFIX_PATH}:/home/dyros/ros2_ws/install/dyros_python:/opt/ros/humble /usr/bin/cmake --build /home/dyros/ros2_ws/build/dyros_interface -- -j2 -l2
[35.285s] DEBUG:colcon.colcon_core.event_handler.log_command:Invoking command in '/home/dyros/ros2_ws/build/dyros_interface': CMAKE_PREFIX_PATH=${CMAKE_PREFIX_PATH}:/home/dyros/ros2_ws/install/dyros_python:/opt/ros/humble /usr/bin/cmake --install /home/dyros/ros2_ws/build/dyros_interface
[35.644s] Level 1:colcon.colcon_core.environment:create_environment_scripts_only(dyros_interface)
[35.646s] DEBUG:colcon.colcon_core.event_handler.log_command:Invoked command in '/home/dyros/ros2_ws/build/dyros_interface' returned '0': CMAKE_PREFIX_PATH=${CMAKE_PREFIX_PATH}:/home/dyros/ros2_ws/install/dyros_python:/opt/ros/humble /usr/bin/cmake --install /home/dyros/ros2_ws/build/dyros_interface
[35.691s] Level 1:colcon.colcon_core.environment:checking '/home/dyros/ros2_ws/install/dyros_interface' for CMake module files
[35.693s] Level 1:colcon.colcon_core.environment:checking '/home/dyros/ros2_ws/install/dyros_interface' for CMake config files
[35.694s] Level 1:colcon.colcon_core.shell:create_environment_hook('dyros_interface', 'cmake_prefix_path')
[35.699s] INFO:colcon.colcon_core.shell:Creating environment hook '/home/dyros/ros2_ws/install/dyros_interface/share/dyros_interface/hook/cmake_prefix_path.ps1'
[35.705s] INFO:colcon.colcon_core.shell:Creating environment descriptor '/home/dyros/ros2_ws/install/dyros_interface/share/dyros_interface/hook/cmake_prefix_path.dsv'
[35.708s] INFO:colcon.colcon_core.shell:Creating environment hook '/home/dyros/ros2_ws/install/dyros_interface/share/dyros_interface/hook/cmake_prefix_path.sh'
[35.711s] Level 1:colcon.colcon_core.environment:checking '/home/dyros/ros2_ws/install/dyros_interface/lib'
[35.712s] Level 1:colcon.colcon_core.shell:create_environment_hook('dyros_interface', 'ld_library_path_lib')
[35.715s] INFO:colcon.colcon_core.shell:Creating environment hook '/home/dyros/ros2_ws/install/dyros_interface/share/dyros_interface/hook/ld_library_path_lib.ps1'
[35.717s] INFO:colcon.colcon_core.shell:Creating environment descriptor '/home/dyros/ros2_ws/install/dyros_interface/share/dyros_interface/hook/ld_library_path_lib.dsv'
[35.717s] INFO:colcon.colcon_core.shell:Creating environment hook '/home/dyros/ros2_ws/install/dyros_interface/share/dyros_interface/hook/ld_library_path_lib.sh'
[35.721s] Level 1:colcon.colcon_core.environment:checking '/home/dyros/ros2_ws/install/dyros_interface/bin'
[35.722s] Level 1:colcon.colcon_core.environment:checking '/home/dyros/ros2_ws/install/dyros_interface/lib/pkgconfig/dyros_interface.pc'
[35.723s] Level 1:colcon.colcon_core.environment:checking '/home/dyros/ros2_ws/install/dyros_interface/lib/python3.10/site-packages'
[35.723s] Level 1:colcon.colcon_core.environment:checking '/home/dyros/ros2_ws/install/dyros_interface/bin'
[35.742s] INFO:colcon.colcon_core.shell:Creating package script '/home/dyros/ros2_ws/install/dyros_interface/share/dyros_interface/package.ps1'
[35.745s] INFO:colcon.colcon_core.shell:Creating package descriptor '/home/dyros/ros2_ws/install/dyros_interface/share/dyros_interface/package.dsv'
[35.755s] INFO:colcon.colcon_core.shell:Creating package script '/home/dyros/ros2_ws/install/dyros_interface/share/dyros_interface/package.sh'
[35.758s] INFO:colcon.colcon_core.shell:Creating package script '/home/dyros/ros2_ws/install/dyros_interface/share/dyros_interface/package.bash'
[35.763s] INFO:colcon.colcon_core.shell:Creating package script '/home/dyros/ros2_ws/install/dyros_interface/share/dyros_interface/package.zsh'
[35.770s] Level 1:colcon.colcon_core.environment:create_file_with_runtime_dependencies(/home/dyros/ros2_ws/install/dyros_interface/share/colcon-core/packages/dyros_interface)
[36.082s] Level 1:colcon.colcon_core.environment:create_environment_scripts_only(dyros_interface)
[36.089s] Level 1:colcon.colcon_core.environment:checking '/home/dyros/ros2_ws/install/dyros_interface' for CMake module files
[36.097s] Level 1:colcon.colcon_core.environment:checking '/home/dyros/ros2_ws/install/dyros_interface' for CMake config files
[36.102s] Level 1:colcon.colcon_core.shell:create_environment_hook('dyros_interface', 'cmake_prefix_path')
[36.109s] INFO:colcon.colcon_core.shell:Creating environment hook '/home/dyros/ros2_ws/install/dyros_interface/share/dyros_interface/hook/cmake_prefix_path.ps1'
[36.111s] INFO:colcon.colcon_core.shell:Creating environment descriptor '/home/dyros/ros2_ws/install/dyros_interface/share/dyros_interface/hook/cmake_prefix_path.dsv'
[36.112s] INFO:colcon.colcon_core.shell:Creating environment hook '/home/dyros/ros2_ws/install/dyros_interface/share/dyros_interface/hook/cmake_prefix_path.sh'
[36.114s] Level 1:colcon.colcon_core.environment:checking '/home/dyros/ros2_ws/install/dyros_interface/lib'
[36.115s] Level 1:colcon.colcon_core.shell:create_environment_hook('dyros_interface', 'ld_library_path_lib')
[36.118s] INFO:colcon.colcon_core.shell:Creating environment hook '/home/dyros/ros2_ws/install/dyros_interface/share/dyros_interface/hook/ld_library_path_lib.ps1'
[36.119s] INFO:colcon.colcon_core.shell:Creating environment descriptor '/home/dyros/ros2_ws/install/dyros_interface/share/dyros_interface/hook/ld_library_path_lib.dsv'
[36.123s] INFO:colcon.colcon_core.shell:Creating environment hook '/home/dyros/ros2_ws/install/dyros_interface/share/dyros_interface/hook/ld_library_path_lib.sh'
[36.124s] Level 1:colcon.colcon_core.environment:checking '/home/dyros/ros2_ws/install/dyros_interface/bin'
[36.125s] Level 1:colcon.colcon_core.environment:checking '/home/dyros/ros2_ws/install/dyros_interface/lib/pkgconfig/dyros_interface.pc'
[36.125s] Level 1:colcon.colcon_core.environment:checking '/home/dyros/ros2_ws/install/dyros_interface/lib/python3.10/site-packages'
[36.126s] Level 1:colcon.colcon_core.environment:checking '/home/dyros/ros2_ws/install/dyros_interface/bin'
[36.132s] INFO:colcon.colcon_core.shell:Creating package script '/home/dyros/ros2_ws/install/dyros_interface/share/dyros_interface/package.ps1'
[36.133s] INFO:colcon.colcon_core.shell:Creating package descriptor '/home/dyros/ros2_ws/install/dyros_interface/share/dyros_interface/package.dsv'
[36.135s] INFO:colcon.colcon_core.shell:Creating package script '/home/dyros/ros2_ws/install/dyros_interface/share/dyros_interface/package.sh'
[36.136s] INFO:colcon.colcon_core.shell:Creating package script '/home/dyros/ros2_ws/install/dyros_interface/share/dyros_interface/package.bash'
[36.139s] INFO:colcon.colcon_core.shell:Creating package script '/home/dyros/ros2_ws/install/dyros_interface/share/dyros_interface/package.zsh'
[36.141s] Level 1:colcon.colcon_core.environment:create_file_with_runtime_dependencies(/home/dyros/ros2_ws/install/dyros_interface/share/colcon-core/packages/dyros_interface)
[36.142s] DEBUG:colcon.colcon_parallel_executor.executor.parallel:closing loop
[36.142s] DEBUG:colcon.colcon_parallel_executor.executor.parallel:loop closed
[36.142s] DEBUG:colcon.colcon_parallel_executor.executor.parallel:run_until_complete finished with '0'
[36.142s] DEBUG:colcon.colcon_core.event_reactor:joining thread
[36.198s] INFO:colcon.colcon_core.plugin_system:Skipping extension 'colcon_notification.desktop_notification.terminal_notifier': Not used on non-Darwin systems
[36.199s] INFO:colcon.colcon_core.plugin_system:Skipping extension 'colcon_notification.desktop_notification.win32': Not used on non-Windows systems
[36.199s] INFO:colcon.colcon_notification.desktop_notification:Sending desktop notification using 'notify2'
[36.515s] DEBUG:colcon.colcon_core.event_reactor:joined thread
[36.520s] INFO:colcon.colcon_core.shell:Creating prefix script '/home/dyros/ros2_ws/install/local_setup.ps1'
[36.525s] INFO:colcon.colcon_core.shell:Creating prefix util module '/home/dyros/ros2_ws/install/_local_setup_util_ps1.py'
[36.531s] INFO:colcon.colcon_core.shell:Creating prefix chain script '/home/dyros/ros2_ws/install/setup.ps1'
[36.539s] INFO:colcon.colcon_core.shell:Creating prefix script '/home/dyros/ros2_ws/install/local_setup.sh'
[36.542s] INFO:colcon.colcon_core.shell:Creating prefix util module '/home/dyros/ros2_ws/install/_local_setup_util_sh.py'
[36.549s] INFO:colcon.colcon_core.shell:Creating prefix chain script '/home/dyros/ros2_ws/install/setup.sh'
[36.555s] INFO:colcon.colcon_core.shell:Creating prefix script '/home/dyros/ros2_ws/install/local_setup.bash'
[36.558s] INFO:colcon.colcon_core.shell:Creating prefix chain script '/home/dyros/ros2_ws/install/setup.bash'
[36.566s] INFO:colcon.colcon_core.shell:Creating prefix script '/home/dyros/ros2_ws/install/local_setup.zsh'
[36.570s] INFO:colcon.colcon_core.shell:Creating prefix chain script '/home/dyros/ros2_ws/install/setup.zsh'
