-- Found ament_cmake: 1.3.3 (/opt/ros/humble/share/ament_cmake/cmake)
-- Found geometry_msgs: 4.2.2 (/opt/ros/humble/share/geometry_msgs/cmake)
-- Found rosidl_generator_c: 3.1.4 (/opt/ros/humble/share/rosidl_generator_c/cmake)
-- Found rosidl_adapter: 3.1.4 (/opt/ros/humble/share/rosidl_adapter/cmake)
-- Found rosidl_generator_cpp: 3.1.4 (/opt/ros/humble/share/rosidl_generator_cpp/cmake)
-- Using all available rosidl_typesupport_c: rosidl_typesupport_fastrtps_c;rosidl_typesupport_introspection_c
-- Using all available rosidl_typesupport_cpp: rosidl_typesupport_fastrtps_cpp;rosidl_typesupport_introspection_cpp
-- Found rosidl_default_generators: 1.2.0 (/opt/ros/humble/share/rosidl_default_generators/cmake)
-- Found ament_cmake_ros: 0.10.0 (/opt/ros/humble/share/ament_cmake_ros/cmake)
-- Using all available rosidl_typesupport_c: rosidl_typesupport_fastrtps_c;rosidl_typesupport_introspection_c
-- Using all available rosidl_typesupport_cpp: rosidl_typesupport_fastrtps_cpp;rosidl_typesupport_introspection_cpp
-- Found python_cmake_module: 0.10.0 (/opt/ros/humble/share/python_cmake_module/cmake)
-- Using PYTHON_EXECUTABLE: /usr/bin/python3
-- Using PYTHON_INCLUDE_DIRS: /usr/include/python3.10
-- Using PYTHON_LIBRARIES: /usr/lib/x86_64-linux-gnu/libpython3.10.so
-- Found ament_lint_auto: 0.12.4 (/opt/ros/humble/share/ament_lint_auto/cmake)
-- Added test 'lint_cmake' to check CMake code style
-- Added test 'xmllint' to check XML markup files
-- Configuring done
-- Generating done
-- Build files have been written to: /home/dyros/ros2_ws/build/dyros_interface
[  2%] [34m[1mGenerating C code for ROS interfaces[0m
[  4%] [34m[1mGenerating C++ code for ROS interfaces[0m
[  4%] Built target dyros_interface__cpp
[  4%] Built target ament_cmake_python_copy_dyros_interface
[  6%] [34m[1mGenerating C++ type support dispatch for ROS interfaces[0m
[  8%] [32mBuilding C object CMakeFiles/dyros_interface__rosidl_generator_c.dir/rosidl_generator_c/dyros_interface/msg/detail/num__functions.c.o[0m
[ 10%] [32mBuilding C object CMakeFiles/dyros_interface__rosidl_generator_c.dir/rosidl_generator_c/dyros_interface/msg/detail/sphere__functions.c.o[0m
[ 12%] [32mBuilding C object CMakeFiles/dyros_interface__rosidl_generator_c.dir/rosidl_generator_c/dyros_interface/srv/detail/add_three_ints__functions.c.o[0m
[ 14%] [32m[1mLinking C shared library libdyros_interface__rosidl_generator_c.so[0m
[ 17%] [32mBuilding CXX object CMakeFiles/dyros_interface__rosidl_typesupport_cpp.dir/rosidl_typesupport_cpp/dyros_interface/msg/num__type_support.cpp.o[0m
[ 17%] Built target dyros_interface__rosidl_generator_c
[ 19%] [34m[1mGenerating C++ type support for eProsima Fast-RTPS[0m
[ 21%] [32mBuilding CXX object CMakeFiles/dyros_interface__rosidl_typesupport_cpp.dir/rosidl_typesupport_cpp/dyros_interface/msg/sphere__type_support.cpp.o[0m
[ 23%] [32mBuilding CXX object CMakeFiles/dyros_interface__rosidl_typesupport_fastrtps_cpp.dir/rosidl_typesupport_fastrtps_cpp/dyros_interface/msg/detail/dds_fastrtps/num__type_support.cpp.o[0m
[ 25%] [32mBuilding CXX object CMakeFiles/dyros_interface__rosidl_typesupport_cpp.dir/rosidl_typesupport_cpp/dyros_interface/srv/add_three_ints__type_support.cpp.o[0m
[ 27%] [32mBuilding CXX object CMakeFiles/dyros_interface__rosidl_typesupport_fastrtps_cpp.dir/rosidl_typesupport_fastrtps_cpp/dyros_interface/msg/detail/dds_fastrtps/sphere__type_support.cpp.o[0m
[ 29%] [32m[1mLinking CXX shared library libdyros_interface__rosidl_typesupport_cpp.so[0m
[ 29%] Built target dyros_interface__rosidl_typesupport_cpp
[ 31%] [34m[1mGenerating C introspection for ROS interfaces[0m
[ 34%] [32mBuilding CXX object CMakeFiles/dyros_interface__rosidl_typesupport_fastrtps_cpp.dir/rosidl_typesupport_fastrtps_cpp/dyros_interface/srv/detail/dds_fastrtps/add_three_ints__type_support.cpp.o[0m
[ 36%] [32mBuilding C object CMakeFiles/dyros_interface__rosidl_typesupport_introspection_c.dir/rosidl_typesupport_introspection_c/dyros_interface/msg/detail/num__type_support.c.o[0m
[ 38%] [32mBuilding C object CMakeFiles/dyros_interface__rosidl_typesupport_introspection_c.dir/rosidl_typesupport_introspection_c/dyros_interface/msg/detail/sphere__type_support.c.o[0m
[ 40%] [32mBuilding C object CMakeFiles/dyros_interface__rosidl_typesupport_introspection_c.dir/rosidl_typesupport_introspection_c/dyros_interface/srv/detail/add_three_ints__type_support.c.o[0m
[ 42%] [32m[1mLinking C shared library libdyros_interface__rosidl_typesupport_introspection_c.so[0m
[ 42%] Built target dyros_interface__rosidl_typesupport_introspection_c
[ 44%] [34m[1mGenerating C type support dispatch for ROS interfaces[0m
[ 46%] [32m[1mLinking CXX shared library libdyros_interface__rosidl_typesupport_fastrtps_cpp.so[0m
[ 46%] Built target dyros_interface__rosidl_typesupport_fastrtps_cpp
[ 48%] [34m[1mGenerating C++ introspection for ROS interfaces[0m
[ 51%] [32mBuilding CXX object CMakeFiles/dyros_interface__rosidl_typesupport_c.dir/rosidl_typesupport_c/dyros_interface/msg/num__type_support.cpp.o[0m
[ 53%] [32mBuilding CXX object CMakeFiles/dyros_interface__rosidl_typesupport_c.dir/rosidl_typesupport_c/dyros_interface/msg/sphere__type_support.cpp.o[0m
[ 55%] [32mBuilding CXX object CMakeFiles/dyros_interface__rosidl_typesupport_c.dir/rosidl_typesupport_c/dyros_interface/srv/add_three_ints__type_support.cpp.o[0m
[ 57%] [32m[1mLinking CXX shared library libdyros_interface__rosidl_typesupport_c.so[0m
[ 57%] Built target dyros_interface__rosidl_typesupport_c
[ 59%] [32mBuilding CXX object CMakeFiles/dyros_interface__rosidl_typesupport_introspection_cpp.dir/rosidl_typesupport_introspection_cpp/dyros_interface/msg/detail/num__type_support.cpp.o[0m
running egg_info
writing dyros_interface.egg-info/PKG-INFO
writing dependency_links to dyros_interface.egg-info/dependency_links.txt
writing top-level names to dyros_interface.egg-info/top_level.txt
reading manifest file 'dyros_interface.egg-info/SOURCES.txt'
writing manifest file 'dyros_interface.egg-info/SOURCES.txt'
[ 59%] Built target ament_cmake_python_build_dyros_interface_egg
[ 61%] [34m[1mGenerating C type support for eProsima Fast-RTPS[0m
[ 63%] [32mBuilding CXX object CMakeFiles/dyros_interface__rosidl_typesupport_introspection_cpp.dir/rosidl_typesupport_introspection_cpp/dyros_interface/msg/detail/sphere__type_support.cpp.o[0m
[ 65%] [32mBuilding CXX object CMakeFiles/dyros_interface__rosidl_typesupport_fastrtps_c.dir/rosidl_typesupport_fastrtps_c/dyros_interface/msg/detail/num__type_support_c.cpp.o[0m
[ 68%] [32mBuilding CXX object CMakeFiles/dyros_interface__rosidl_typesupport_introspection_cpp.dir/rosidl_typesupport_introspection_cpp/dyros_interface/srv/detail/add_three_ints__type_support.cpp.o[0m
[ 70%] [32mBuilding CXX object CMakeFiles/dyros_interface__rosidl_typesupport_fastrtps_c.dir/rosidl_typesupport_fastrtps_c/dyros_interface/msg/detail/sphere__type_support_c.cpp.o[0m
[ 72%] [32m[1mLinking CXX shared library libdyros_interface__rosidl_typesupport_introspection_cpp.so[0m
[ 72%] Built target dyros_interface__rosidl_typesupport_introspection_cpp
[ 74%] [32mBuilding CXX object CMakeFiles/dyros_interface__rosidl_typesupport_fastrtps_c.dir/rosidl_typesupport_fastrtps_c/dyros_interface/srv/detail/add_three_ints__type_support_c.cpp.o[0m
[ 76%] [32m[1mLinking CXX shared library libdyros_interface__rosidl_typesupport_fastrtps_c.so[0m
[ 76%] Built target dyros_interface__rosidl_typesupport_fastrtps_c
[ 76%] Built target dyros_interface
[ 78%] [34m[1mGenerating Python code for ROS interfaces[0m
[ 78%] Built target dyros_interface__py
[ 80%] [32mBuilding C object CMakeFiles/dyros_interface__rosidl_generator_py.dir/rosidl_generator_py/dyros_interface/msg/_num_s.c.o[0m
[ 82%] [32mBuilding C object CMakeFiles/dyros_interface__rosidl_generator_py.dir/rosidl_generator_py/dyros_interface/msg/_sphere_s.c.o[0m
[ 85%] [32mBuilding C object CMakeFiles/dyros_interface__rosidl_generator_py.dir/rosidl_generator_py/dyros_interface/srv/_add_three_ints_s.c.o[0m
[ 87%] [32m[1mLinking C shared library rosidl_generator_py/dyros_interface/libdyros_interface__rosidl_generator_py.so[0m
[ 87%] Built target dyros_interface__rosidl_generator_py
[ 89%] [32mBuilding C object CMakeFiles/dyros_interface__rosidl_typesupport_introspection_c__pyext.dir/rosidl_generator_py/dyros_interface/_dyros_interface_s.ep.rosidl_typesupport_introspection_c.c.o[0m
[ 91%] [32mBuilding C object CMakeFiles/dyros_interface__rosidl_typesupport_fastrtps_c__pyext.dir/rosidl_generator_py/dyros_interface/_dyros_interface_s.ep.rosidl_typesupport_fastrtps_c.c.o[0m
[ 93%] [32m[1mLinking C shared library rosidl_generator_py/dyros_interface/dyros_interface_s__rosidl_typesupport_introspection_c.cpython-310-x86_64-linux-gnu.so[0m
[ 95%] [32m[1mLinking C shared library rosidl_generator_py/dyros_interface/dyros_interface_s__rosidl_typesupport_fastrtps_c.cpython-310-x86_64-linux-gnu.so[0m
[ 95%] Built target dyros_interface__rosidl_typesupport_introspection_c__pyext
[ 95%] Built target dyros_interface__rosidl_typesupport_fastrtps_c__pyext
[ 97%] [32mBuilding C object CMakeFiles/dyros_interface__rosidl_typesupport_c__pyext.dir/rosidl_generator_py/dyros_interface/_dyros_interface_s.ep.rosidl_typesupport_c.c.o[0m
[100%] [32m[1mLinking C shared library rosidl_generator_py/dyros_interface/dyros_interface_s__rosidl_typesupport_c.cpython-310-x86_64-linux-gnu.so[0m
[100%] Built target dyros_interface__rosidl_typesupport_c__pyext
-- Install configuration: ""
-- Up-to-date: /home/dyros/ros2_ws/install/dyros_interface/share/ament_index/resource_index/rosidl_interfaces/dyros_interface
-- Up-to-date: /home/dyros/ros2_ws/install/dyros_interface/include/dyros_interface/dyros_interface
-- Up-to-date: /home/dyros/ros2_ws/install/dyros_interface/include/dyros_interface/dyros_interface/msg
-- Installing: /home/dyros/ros2_ws/install/dyros_interface/include/dyros_interface/dyros_interface/msg/sphere.h
-- Up-to-date: /home/dyros/ros2_ws/install/dyros_interface/include/dyros_interface/dyros_interface/msg/detail
-- Installing: /home/dyros/ros2_ws/install/dyros_interface/include/dyros_interface/dyros_interface/msg/detail/num__struct.h
-- Installing: /home/dyros/ros2_ws/install/dyros_interface/include/dyros_interface/dyros_interface/msg/detail/sphere__struct.h
-- Installing: /home/dyros/ros2_ws/install/dyros_interface/include/dyros_interface/dyros_interface/msg/detail/sphere__type_support.h
-- Installing: /home/dyros/ros2_ws/install/dyros_interface/include/dyros_interface/dyros_interface/msg/detail/sphere__functions.h
-- Installing: /home/dyros/ros2_ws/install/dyros_interface/include/dyros_interface/dyros_interface/msg/detail/num__functions.h
-- Installing: /home/dyros/ros2_ws/install/dyros_interface/include/dyros_interface/dyros_interface/msg/detail/num__type_support.h
-- Installing: /home/dyros/ros2_ws/install/dyros_interface/include/dyros_interface/dyros_interface/msg/detail/sphere__functions.c
-- Installing: /home/dyros/ros2_ws/install/dyros_interface/include/dyros_interface/dyros_interface/msg/detail/num__functions.c
-- Installing: /home/dyros/ros2_ws/install/dyros_interface/include/dyros_interface/dyros_interface/msg/num.h
-- Up-to-date: /home/dyros/ros2_ws/install/dyros_interface/include/dyros_interface/dyros_interface/msg/rosidl_generator_c__visibility_control.h
-- Up-to-date: /home/dyros/ros2_ws/install/dyros_interface/include/dyros_interface/dyros_interface/srv
-- Installing: /home/dyros/ros2_ws/install/dyros_interface/include/dyros_interface/dyros_interface/srv/add_three_ints.h
-- Up-to-date: /home/dyros/ros2_ws/install/dyros_interface/include/dyros_interface/dyros_interface/srv/detail
-- Installing: /home/dyros/ros2_ws/install/dyros_interface/include/dyros_interface/dyros_interface/srv/detail/add_three_ints__type_support.h
-- Installing: /home/dyros/ros2_ws/install/dyros_interface/include/dyros_interface/dyros_interface/srv/detail/add_three_ints__functions.c
-- Installing: /home/dyros/ros2_ws/install/dyros_interface/include/dyros_interface/dyros_interface/srv/detail/add_three_ints__functions.h
-- Installing: /home/dyros/ros2_ws/install/dyros_interface/include/dyros_interface/dyros_interface/srv/detail/add_three_ints__struct.h
-- Up-to-date: /home/dyros/ros2_ws/install/dyros_interface/share/dyros_interface/environment/library_path.sh
-- Installing: /home/dyros/ros2_ws/install/dyros_interface/share/dyros_interface/environment/library_path.dsv
-- Installing: /home/dyros/ros2_ws/install/dyros_interface/lib/libdyros_interface__rosidl_generator_c.so
-- Set runtime path of "/home/dyros/ros2_ws/install/dyros_interface/lib/libdyros_interface__rosidl_generator_c.so" to ""
-- Up-to-date: /home/dyros/ros2_ws/install/dyros_interface/include/dyros_interface/dyros_interface
-- Up-to-date: /home/dyros/ros2_ws/install/dyros_interface/include/dyros_interface/dyros_interface/msg
-- Up-to-date: /home/dyros/ros2_ws/install/dyros_interface/include/dyros_interface/dyros_interface/msg/rosidl_typesupport_fastrtps_c__visibility_control.h
-- Up-to-date: /home/dyros/ros2_ws/install/dyros_interface/include/dyros_interface/dyros_interface/msg/detail
-- Installing: /home/dyros/ros2_ws/install/dyros_interface/include/dyros_interface/dyros_interface/msg/detail/num__rosidl_typesupport_fastrtps_c.h
-- Installing: /home/dyros/ros2_ws/install/dyros_interface/include/dyros_interface/dyros_interface/msg/detail/sphere__rosidl_typesupport_fastrtps_c.h
-- Up-to-date: /home/dyros/ros2_ws/install/dyros_interface/include/dyros_interface/dyros_interface/srv
-- Up-to-date: /home/dyros/ros2_ws/install/dyros_interface/include/dyros_interface/dyros_interface/srv/detail
-- Installing: /home/dyros/ros2_ws/install/dyros_interface/include/dyros_interface/dyros_interface/srv/detail/add_three_ints__rosidl_typesupport_fastrtps_c.h
-- Installing: /home/dyros/ros2_ws/install/dyros_interface/lib/libdyros_interface__rosidl_typesupport_fastrtps_c.so
-- Set runtime path of "/home/dyros/ros2_ws/install/dyros_interface/lib/libdyros_interface__rosidl_typesupport_fastrtps_c.so" to ""
-- Up-to-date: /home/dyros/ros2_ws/install/dyros_interface/include/dyros_interface/dyros_interface
-- Up-to-date: /home/dyros/ros2_ws/install/dyros_interface/include/dyros_interface/dyros_interface/msg
-- Installing: /home/dyros/ros2_ws/install/dyros_interface/include/dyros_interface/dyros_interface/msg/sphere.hpp
-- Installing: /home/dyros/ros2_ws/install/dyros_interface/include/dyros_interface/dyros_interface/msg/num.hpp
-- Up-to-date: /home/dyros/ros2_ws/install/dyros_interface/include/dyros_interface/dyros_interface/msg/detail
-- Installing: /home/dyros/ros2_ws/install/dyros_interface/include/dyros_interface/dyros_interface/msg/detail/sphere__struct.hpp
-- Installing: /home/dyros/ros2_ws/install/dyros_interface/include/dyros_interface/dyros_interface/msg/detail/sphere__traits.hpp
-- Installing: /home/dyros/ros2_ws/install/dyros_interface/include/dyros_interface/dyros_interface/msg/detail/num__builder.hpp
-- Installing: /home/dyros/ros2_ws/install/dyros_interface/include/dyros_interface/dyros_interface/msg/detail/sphere__builder.hpp
-- Installing: /home/dyros/ros2_ws/install/dyros_interface/include/dyros_interface/dyros_interface/msg/detail/num__struct.hpp
-- Installing: /home/dyros/ros2_ws/install/dyros_interface/include/dyros_interface/dyros_interface/msg/detail/num__traits.hpp
-- Up-to-date: /home/dyros/ros2_ws/install/dyros_interface/include/dyros_interface/dyros_interface/srv
-- Installing: /home/dyros/ros2_ws/install/dyros_interface/include/dyros_interface/dyros_interface/srv/add_three_ints.hpp
-- Up-to-date: /home/dyros/ros2_ws/install/dyros_interface/include/dyros_interface/dyros_interface/srv/detail
-- Installing: /home/dyros/ros2_ws/install/dyros_interface/include/dyros_interface/dyros_interface/srv/detail/add_three_ints__struct.hpp
-- Installing: /home/dyros/ros2_ws/install/dyros_interface/include/dyros_interface/dyros_interface/srv/detail/add_three_ints__builder.hpp
-- Installing: /home/dyros/ros2_ws/install/dyros_interface/include/dyros_interface/dyros_interface/srv/detail/add_three_ints__traits.hpp
-- Up-to-date: /home/dyros/ros2_ws/install/dyros_interface/include/dyros_interface/dyros_interface
-- Up-to-date: /home/dyros/ros2_ws/install/dyros_interface/include/dyros_interface/dyros_interface/msg
-- Up-to-date: /home/dyros/ros2_ws/install/dyros_interface/include/dyros_interface/dyros_interface/msg/rosidl_typesupport_fastrtps_cpp__visibility_control.h
-- Up-to-date: /home/dyros/ros2_ws/install/dyros_interface/include/dyros_interface/dyros_interface/msg/detail
-- Installing: /home/dyros/ros2_ws/install/dyros_interface/include/dyros_interface/dyros_interface/msg/detail/num__rosidl_typesupport_fastrtps_cpp.hpp
-- Up-to-date: /home/dyros/ros2_ws/install/dyros_interface/include/dyros_interface/dyros_interface/msg/detail/dds_fastrtps
-- Installing: /home/dyros/ros2_ws/install/dyros_interface/include/dyros_interface/dyros_interface/msg/detail/sphere__rosidl_typesupport_fastrtps_cpp.hpp
-- Up-to-date: /home/dyros/ros2_ws/install/dyros_interface/include/dyros_interface/dyros_interface/srv
-- Up-to-date: /home/dyros/ros2_ws/install/dyros_interface/include/dyros_interface/dyros_interface/srv/detail
-- Up-to-date: /home/dyros/ros2_ws/install/dyros_interface/include/dyros_interface/dyros_interface/srv/detail/dds_fastrtps
-- Installing: /home/dyros/ros2_ws/install/dyros_interface/include/dyros_interface/dyros_interface/srv/detail/add_three_ints__rosidl_typesupport_fastrtps_cpp.hpp
-- Installing: /home/dyros/ros2_ws/install/dyros_interface/lib/libdyros_interface__rosidl_typesupport_fastrtps_cpp.so
-- Set runtime path of "/home/dyros/ros2_ws/install/dyros_interface/lib/libdyros_interface__rosidl_typesupport_fastrtps_cpp.so" to ""
-- Up-to-date: /home/dyros/ros2_ws/install/dyros_interface/include/dyros_interface/dyros_interface
-- Up-to-date: /home/dyros/ros2_ws/install/dyros_interface/include/dyros_interface/dyros_interface/msg
-- Up-to-date: /home/dyros/ros2_ws/install/dyros_interface/include/dyros_interface/dyros_interface/msg/detail
-- Installing: /home/dyros/ros2_ws/install/dyros_interface/include/dyros_interface/dyros_interface/msg/detail/sphere__rosidl_typesupport_introspection_c.h
-- Installing: /home/dyros/ros2_ws/install/dyros_interface/include/dyros_interface/dyros_interface/msg/detail/num__rosidl_typesupport_introspection_c.h
-- Installing: /home/dyros/ros2_ws/install/dyros_interface/include/dyros_interface/dyros_interface/msg/detail/num__type_support.c
-- Installing: /home/dyros/ros2_ws/install/dyros_interface/include/dyros_interface/dyros_interface/msg/detail/sphere__type_support.c
-- Up-to-date: /home/dyros/ros2_ws/install/dyros_interface/include/dyros_interface/dyros_interface/msg/rosidl_typesupport_introspection_c__visibility_control.h
-- Up-to-date: /home/dyros/ros2_ws/install/dyros_interface/include/dyros_interface/dyros_interface/srv
-- Up-to-date: /home/dyros/ros2_ws/install/dyros_interface/include/dyros_interface/dyros_interface/srv/detail
-- Installing: /home/dyros/ros2_ws/install/dyros_interface/include/dyros_interface/dyros_interface/srv/detail/add_three_ints__type_support.c
-- Installing: /home/dyros/ros2_ws/install/dyros_interface/include/dyros_interface/dyros_interface/srv/detail/add_three_ints__rosidl_typesupport_introspection_c.h
-- Installing: /home/dyros/ros2_ws/install/dyros_interface/lib/libdyros_interface__rosidl_typesupport_introspection_c.so
-- Set runtime path of "/home/dyros/ros2_ws/install/dyros_interface/lib/libdyros_interface__rosidl_typesupport_introspection_c.so" to ""
-- Installing: /home/dyros/ros2_ws/install/dyros_interface/lib/libdyros_interface__rosidl_typesupport_c.so
-- Set runtime path of "/home/dyros/ros2_ws/install/dyros_interface/lib/libdyros_interface__rosidl_typesupport_c.so" to ""
-- Up-to-date: /home/dyros/ros2_ws/install/dyros_interface/include/dyros_interface/dyros_interface
-- Up-to-date: /home/dyros/ros2_ws/install/dyros_interface/include/dyros_interface/dyros_interface/msg
-- Up-to-date: /home/dyros/ros2_ws/install/dyros_interface/include/dyros_interface/dyros_interface/msg/detail
-- Installing: /home/dyros/ros2_ws/install/dyros_interface/include/dyros_interface/dyros_interface/msg/detail/sphere__rosidl_typesupport_introspection_cpp.hpp
-- Installing: /home/dyros/ros2_ws/install/dyros_interface/include/dyros_interface/dyros_interface/msg/detail/sphere__type_support.cpp
-- Installing: /home/dyros/ros2_ws/install/dyros_interface/include/dyros_interface/dyros_interface/msg/detail/num__type_support.cpp
-- Installing: /home/dyros/ros2_ws/install/dyros_interface/include/dyros_interface/dyros_interface/msg/detail/num__rosidl_typesupport_introspection_cpp.hpp
-- Up-to-date: /home/dyros/ros2_ws/install/dyros_interface/include/dyros_interface/dyros_interface/srv
-- Up-to-date: /home/dyros/ros2_ws/install/dyros_interface/include/dyros_interface/dyros_interface/srv/detail
-- Installing: /home/dyros/ros2_ws/install/dyros_interface/include/dyros_interface/dyros_interface/srv/detail/add_three_ints__rosidl_typesupport_introspection_cpp.hpp
-- Installing: /home/dyros/ros2_ws/install/dyros_interface/include/dyros_interface/dyros_interface/srv/detail/add_three_ints__type_support.cpp
-- Installing: /home/dyros/ros2_ws/install/dyros_interface/lib/libdyros_interface__rosidl_typesupport_introspection_cpp.so
-- Set runtime path of "/home/dyros/ros2_ws/install/dyros_interface/lib/libdyros_interface__rosidl_typesupport_introspection_cpp.so" to ""
-- Installing: /home/dyros/ros2_ws/install/dyros_interface/lib/libdyros_interface__rosidl_typesupport_cpp.so
-- Set runtime path of "/home/dyros/ros2_ws/install/dyros_interface/lib/libdyros_interface__rosidl_typesupport_cpp.so" to ""
-- Up-to-date: /home/dyros/ros2_ws/install/dyros_interface/share/dyros_interface/environment/pythonpath.sh
-- Installing: /home/dyros/ros2_ws/install/dyros_interface/share/dyros_interface/environment/pythonpath.dsv
-- Up-to-date: /home/dyros/ros2_ws/install/dyros_interface/local/lib/python3.10/dist-packages/dyros_interface-0.0.0-py3.10.egg-info
-- Installing: /home/dyros/ros2_ws/install/dyros_interface/local/lib/python3.10/dist-packages/dyros_interface-0.0.0-py3.10.egg-info/dependency_links.txt
-- Installing: /home/dyros/ros2_ws/install/dyros_interface/local/lib/python3.10/dist-packages/dyros_interface-0.0.0-py3.10.egg-info/top_level.txt
-- Installing: /home/dyros/ros2_ws/install/dyros_interface/local/lib/python3.10/dist-packages/dyros_interface-0.0.0-py3.10.egg-info/PKG-INFO
-- Installing: /home/dyros/ros2_ws/install/dyros_interface/local/lib/python3.10/dist-packages/dyros_interface-0.0.0-py3.10.egg-info/SOURCES.txt
-- Up-to-date: /home/dyros/ros2_ws/install/dyros_interface/local/lib/python3.10/dist-packages/dyros_interface
-- Installing: /home/dyros/ros2_ws/install/dyros_interface/local/lib/python3.10/dist-packages/dyros_interface/_dyros_interface_s.ep.rosidl_typesupport_fastrtps_c.c
-- Installing: /home/dyros/ros2_ws/install/dyros_interface/local/lib/python3.10/dist-packages/dyros_interface/libdyros_interface__rosidl_generator_py.so
-- Up-to-date: /home/dyros/ros2_ws/install/dyros_interface/local/lib/python3.10/dist-packages/dyros_interface/msg
-- Installing: /home/dyros/ros2_ws/install/dyros_interface/local/lib/python3.10/dist-packages/dyros_interface/msg/_sphere.py
-- Installing: /home/dyros/ros2_ws/install/dyros_interface/local/lib/python3.10/dist-packages/dyros_interface/msg/_num.py
-- Installing: /home/dyros/ros2_ws/install/dyros_interface/local/lib/python3.10/dist-packages/dyros_interface/msg/_num_s.c
-- Installing: /home/dyros/ros2_ws/install/dyros_interface/local/lib/python3.10/dist-packages/dyros_interface/msg/_sphere_s.c
-- Installing: /home/dyros/ros2_ws/install/dyros_interface/local/lib/python3.10/dist-packages/dyros_interface/msg/__init__.py
-- Installing: /home/dyros/ros2_ws/install/dyros_interface/local/lib/python3.10/dist-packages/dyros_interface/dyros_interface_s__rosidl_typesupport_fastrtps_c.cpython-310-x86_64-linux-gnu.so
-- Installing: /home/dyros/ros2_ws/install/dyros_interface/local/lib/python3.10/dist-packages/dyros_interface/dyros_interface_s__rosidl_typesupport_introspection_c.cpython-310-x86_64-linux-gnu.so
-- Installing: /home/dyros/ros2_ws/install/dyros_interface/local/lib/python3.10/dist-packages/dyros_interface/dyros_interface_s__rosidl_typesupport_c.cpython-310-x86_64-linux-gnu.so
-- Installing: /home/dyros/ros2_ws/install/dyros_interface/local/lib/python3.10/dist-packages/dyros_interface/_dyros_interface_s.ep.rosidl_typesupport_introspection_c.c
-- Installing: /home/dyros/ros2_ws/install/dyros_interface/local/lib/python3.10/dist-packages/dyros_interface/__init__.py
-- Up-to-date: /home/dyros/ros2_ws/install/dyros_interface/local/lib/python3.10/dist-packages/dyros_interface/srv
-- Installing: /home/dyros/ros2_ws/install/dyros_interface/local/lib/python3.10/dist-packages/dyros_interface/srv/_add_three_ints.py
-- Installing: /home/dyros/ros2_ws/install/dyros_interface/local/lib/python3.10/dist-packages/dyros_interface/srv/__init__.py
-- Installing: /home/dyros/ros2_ws/install/dyros_interface/local/lib/python3.10/dist-packages/dyros_interface/srv/_add_three_ints_s.c
-- Installing: /home/dyros/ros2_ws/install/dyros_interface/local/lib/python3.10/dist-packages/dyros_interface/_dyros_interface_s.ep.rosidl_typesupport_c.c
Listing '/home/dyros/ros2_ws/install/dyros_interface/local/lib/python3.10/dist-packages/dyros_interface'...
Compiling '/home/dyros/ros2_ws/install/dyros_interface/local/lib/python3.10/dist-packages/dyros_interface/__init__.py'...
Listing '/home/dyros/ros2_ws/install/dyros_interface/local/lib/python3.10/dist-packages/dyros_interface/msg'...
Compiling '/home/dyros/ros2_ws/install/dyros_interface/local/lib/python3.10/dist-packages/dyros_interface/msg/__init__.py'...
Compiling '/home/dyros/ros2_ws/install/dyros_interface/local/lib/python3.10/dist-packages/dyros_interface/msg/_num.py'...
Compiling '/home/dyros/ros2_ws/install/dyros_interface/local/lib/python3.10/dist-packages/dyros_interface/msg/_sphere.py'...
Listing '/home/dyros/ros2_ws/install/dyros_interface/local/lib/python3.10/dist-packages/dyros_interface/srv'...
Compiling '/home/dyros/ros2_ws/install/dyros_interface/local/lib/python3.10/dist-packages/dyros_interface/srv/__init__.py'...
Compiling '/home/dyros/ros2_ws/install/dyros_interface/local/lib/python3.10/dist-packages/dyros_interface/srv/_add_three_ints.py'...
-- Installing: /home/dyros/ros2_ws/install/dyros_interface/local/lib/python3.10/dist-packages/dyros_interface/dyros_interface_s__rosidl_typesupport_fastrtps_c.cpython-310-x86_64-linux-gnu.so
-- Set runtime path of "/home/dyros/ros2_ws/install/dyros_interface/local/lib/python3.10/dist-packages/dyros_interface/dyros_interface_s__rosidl_typesupport_fastrtps_c.cpython-310-x86_64-linux-gnu.so" to ""
-- Installing: /home/dyros/ros2_ws/install/dyros_interface/local/lib/python3.10/dist-packages/dyros_interface/dyros_interface_s__rosidl_typesupport_introspection_c.cpython-310-x86_64-linux-gnu.so
-- Set runtime path of "/home/dyros/ros2_ws/install/dyros_interface/local/lib/python3.10/dist-packages/dyros_interface/dyros_interface_s__rosidl_typesupport_introspection_c.cpython-310-x86_64-linux-gnu.so" to ""
-- Installing: /home/dyros/ros2_ws/install/dyros_interface/local/lib/python3.10/dist-packages/dyros_interface/dyros_interface_s__rosidl_typesupport_c.cpython-310-x86_64-linux-gnu.so
-- Set runtime path of "/home/dyros/ros2_ws/install/dyros_interface/local/lib/python3.10/dist-packages/dyros_interface/dyros_interface_s__rosidl_typesupport_c.cpython-310-x86_64-linux-gnu.so" to ""
-- Installing: /home/dyros/ros2_ws/install/dyros_interface/lib/libdyros_interface__rosidl_generator_py.so
-- Set runtime path of "/home/dyros/ros2_ws/install/dyros_interface/lib/libdyros_interface__rosidl_generator_py.so" to ""
-- Up-to-date: /home/dyros/ros2_ws/install/dyros_interface/share/dyros_interface/msg/Num.idl
-- Up-to-date: /home/dyros/ros2_ws/install/dyros_interface/share/dyros_interface/msg/Sphere.idl
-- Installing: /home/dyros/ros2_ws/install/dyros_interface/share/dyros_interface/srv/AddThreeInts.idl
-- Up-to-date: /home/dyros/ros2_ws/install/dyros_interface/share/dyros_interface/msg/Num.msg
-- Up-to-date: /home/dyros/ros2_ws/install/dyros_interface/share/dyros_interface/msg/Sphere.msg
-- Installing: /home/dyros/ros2_ws/install/dyros_interface/share/dyros_interface/srv/AddThreeInts.srv
-- Installing: /home/dyros/ros2_ws/install/dyros_interface/share/dyros_interface/srv/AddThreeInts_Request.msg
-- Installing: /home/dyros/ros2_ws/install/dyros_interface/share/dyros_interface/srv/AddThreeInts_Response.msg
-- Up-to-date: /home/dyros/ros2_ws/install/dyros_interface/share/ament_index/resource_index/package_run_dependencies/dyros_interface
-- Installing: /home/dyros/ros2_ws/install/dyros_interface/share/ament_index/resource_index/parent_prefix_path/dyros_interface
-- Up-to-date: /home/dyros/ros2_ws/install/dyros_interface/share/dyros_interface/environment/ament_prefix_path.sh
-- Installing: /home/dyros/ros2_ws/install/dyros_interface/share/dyros_interface/environment/ament_prefix_path.dsv
-- Up-to-date: /home/dyros/ros2_ws/install/dyros_interface/share/dyros_interface/environment/path.sh
-- Installing: /home/dyros/ros2_ws/install/dyros_interface/share/dyros_interface/environment/path.dsv
-- Up-to-date: /home/dyros/ros2_ws/install/dyros_interface/share/dyros_interface/local_setup.bash
-- Up-to-date: /home/dyros/ros2_ws/install/dyros_interface/share/dyros_interface/local_setup.sh
-- Up-to-date: /home/dyros/ros2_ws/install/dyros_interface/share/dyros_interface/local_setup.zsh
-- Installing: /home/dyros/ros2_ws/install/dyros_interface/share/dyros_interface/local_setup.dsv
-- Installing: /home/dyros/ros2_ws/install/dyros_interface/share/dyros_interface/package.dsv
-- Up-to-date: /home/dyros/ros2_ws/install/dyros_interface/share/ament_index/resource_index/packages/dyros_interface
-- Up-to-date: /home/dyros/ros2_ws/install/dyros_interface/share/dyros_interface/cmake/export_dyros_interface__rosidl_generator_cExport.cmake
-- Up-to-date: /home/dyros/ros2_ws/install/dyros_interface/share/dyros_interface/cmake/export_dyros_interface__rosidl_generator_cExport-noconfig.cmake
-- Up-to-date: /home/dyros/ros2_ws/install/dyros_interface/share/dyros_interface/cmake/export_dyros_interface__rosidl_typesupport_fastrtps_cExport.cmake
-- Up-to-date: /home/dyros/ros2_ws/install/dyros_interface/share/dyros_interface/cmake/export_dyros_interface__rosidl_typesupport_fastrtps_cExport-noconfig.cmake
-- Up-to-date: /home/dyros/ros2_ws/install/dyros_interface/share/dyros_interface/cmake/export_dyros_interface__rosidl_generator_cppExport.cmake
-- Up-to-date: /home/dyros/ros2_ws/install/dyros_interface/share/dyros_interface/cmake/export_dyros_interface__rosidl_typesupport_fastrtps_cppExport.cmake
-- Up-to-date: /home/dyros/ros2_ws/install/dyros_interface/share/dyros_interface/cmake/export_dyros_interface__rosidl_typesupport_fastrtps_cppExport-noconfig.cmake
-- Up-to-date: /home/dyros/ros2_ws/install/dyros_interface/share/dyros_interface/cmake/dyros_interface__rosidl_typesupport_introspection_cExport.cmake
-- Up-to-date: /home/dyros/ros2_ws/install/dyros_interface/share/dyros_interface/cmake/dyros_interface__rosidl_typesupport_introspection_cExport-noconfig.cmake
-- Up-to-date: /home/dyros/ros2_ws/install/dyros_interface/share/dyros_interface/cmake/dyros_interface__rosidl_typesupport_cExport.cmake
-- Up-to-date: /home/dyros/ros2_ws/install/dyros_interface/share/dyros_interface/cmake/dyros_interface__rosidl_typesupport_cExport-noconfig.cmake
-- Up-to-date: /home/dyros/ros2_ws/install/dyros_interface/share/dyros_interface/cmake/dyros_interface__rosidl_typesupport_introspection_cppExport.cmake
-- Up-to-date: /home/dyros/ros2_ws/install/dyros_interface/share/dyros_interface/cmake/dyros_interface__rosidl_typesupport_introspection_cppExport-noconfig.cmake
-- Up-to-date: /home/dyros/ros2_ws/install/dyros_interface/share/dyros_interface/cmake/dyros_interface__rosidl_typesupport_cppExport.cmake
-- Up-to-date: /home/dyros/ros2_ws/install/dyros_interface/share/dyros_interface/cmake/dyros_interface__rosidl_typesupport_cppExport-noconfig.cmake
-- Up-to-date: /home/dyros/ros2_ws/install/dyros_interface/share/dyros_interface/cmake/export_dyros_interface__rosidl_generator_pyExport.cmake
-- Up-to-date: /home/dyros/ros2_ws/install/dyros_interface/share/dyros_interface/cmake/export_dyros_interface__rosidl_generator_pyExport-noconfig.cmake
-- Up-to-date: /home/dyros/ros2_ws/install/dyros_interface/share/dyros_interface/cmake/rosidl_cmake-extras.cmake
-- Up-to-date: /home/dyros/ros2_ws/install/dyros_interface/share/dyros_interface/cmake/ament_cmake_export_dependencies-extras.cmake
-- Up-to-date: /home/dyros/ros2_ws/install/dyros_interface/share/dyros_interface/cmake/ament_cmake_export_include_directories-extras.cmake
-- Up-to-date: /home/dyros/ros2_ws/install/dyros_interface/share/dyros_interface/cmake/ament_cmake_export_libraries-extras.cmake
-- Up-to-date: /home/dyros/ros2_ws/install/dyros_interface/share/dyros_interface/cmake/ament_cmake_export_targets-extras.cmake
-- Up-to-date: /home/dyros/ros2_ws/install/dyros_interface/share/dyros_interface/cmake/rosidl_cmake_export_typesupport_targets-extras.cmake
-- Up-to-date: /home/dyros/ros2_ws/install/dyros_interface/share/dyros_interface/cmake/rosidl_cmake_export_typesupport_libraries-extras.cmake
-- Up-to-date: /home/dyros/ros2_ws/install/dyros_interface/share/dyros_interface/cmake/dyros_interfaceConfig.cmake
-- Up-to-date: /home/dyros/ros2_ws/install/dyros_interface/share/dyros_interface/cmake/dyros_interfaceConfig-version.cmake
-- Up-to-date: /home/dyros/ros2_ws/install/dyros_interface/share/dyros_interface/package.xml
