[0.039s] Invoking command in '/home/dyros/ros2_ws/build/dyros_interface': CMAKE_PREFIX_PATH=${CMAKE_PREFIX_PATH}:/home/dyros/ros2_ws/install/dyros_python:/opt/ros/humble /usr/bin/cmake --build /home/dyros/ros2_ws/build/dyros_interface -- -j2 -l2
[0.080s] -- Found ament_cmake: 1.3.3 (/opt/ros/humble/share/ament_cmake/cmake)
[0.370s] -- Found geometry_msgs: 4.2.2 (/opt/ros/humble/share/geometry_msgs/cmake)
[0.412s] -- Found rosidl_generator_c: 3.1.4 (/opt/ros/humble/share/rosidl_generator_c/cmake)
[0.416s] -- Found rosidl_adapter: 3.1.4 (/opt/ros/humble/share/rosidl_adapter/cmake)
[0.428s] -- Found rosidl_generator_cpp: 3.1.4 (/opt/ros/humble/share/rosidl_generator_cpp/cmake)
[0.452s] -- Using all available rosidl_typesupport_c: rosidl_typesupport_fastrtps_c;rosidl_typesupport_introspection_c
[0.478s] -- Using all available rosidl_typesupport_cpp: rosidl_typesupport_fastrtps_cpp;rosidl_typesupport_introspection_cpp
[0.678s] -- Found rosidl_default_generators: 1.2.0 (/opt/ros/humble/share/rosidl_default_generators/cmake)
[1.505s] -- Found ament_cmake_ros: 0.10.0 (/opt/ros/humble/share/ament_cmake_ros/cmake)
[2.851s] -- Using all available rosidl_typesupport_c: rosidl_typesupport_fastrtps_c;rosidl_typesupport_introspection_c
[3.354s] -- Using all available rosidl_typesupport_cpp: rosidl_typesupport_fastrtps_cpp;rosidl_typesupport_introspection_cpp
[3.399s] -- Found python_cmake_module: 0.10.0 (/opt/ros/humble/share/python_cmake_module/cmake)
[3.464s] -- Using PYTHON_EXECUTABLE: /usr/bin/python3
[3.464s] -- Using PYTHON_INCLUDE_DIRS: /usr/include/python3.10
[3.465s] -- Using PYTHON_LIBRARIES: /usr/lib/x86_64-linux-gnu/libpython3.10.so
[3.602s] -- Found ament_lint_auto: 0.12.4 (/opt/ros/humble/share/ament_lint_auto/cmake)
[3.689s] -- Added test 'lint_cmake' to check CMake code style
[3.695s] -- Added test 'xmllint' to check XML markup files
[3.727s] -- Configuring done
[3.978s] -- Generating done
[3.995s] -- Build files have been written to: /home/dyros/ros2_ws/build/dyros_interface
[4.098s] [  2%] [34m[1mGenerating C code for ROS interfaces[0m
[4.115s] [  4%] [34m[1mGenerating C++ code for ROS interfaces[0m
[5.032s] [  4%] Built target dyros_interface__cpp
[5.087s] [  4%] Built target ament_cmake_python_copy_dyros_interface
[5.112s] [  6%] [34m[1mGenerating C++ type support dispatch for ROS interfaces[0m
[5.160s] [  8%] [32mBuilding C object CMakeFiles/dyros_interface__rosidl_generator_c.dir/rosidl_generator_c/dyros_interface/msg/detail/num__functions.c.o[0m
[5.426s] [ 10%] [32mBuilding C object CMakeFiles/dyros_interface__rosidl_generator_c.dir/rosidl_generator_c/dyros_interface/msg/detail/sphere__functions.c.o[0m
[5.520s] [ 12%] [32mBuilding C object CMakeFiles/dyros_interface__rosidl_generator_c.dir/rosidl_generator_c/dyros_interface/srv/detail/add_three_ints__functions.c.o[0m
[5.631s] [ 14%] [32m[1mLinking C shared library libdyros_interface__rosidl_generator_c.so[0m
[5.734s] [ 17%] [32mBuilding CXX object CMakeFiles/dyros_interface__rosidl_typesupport_cpp.dir/rosidl_typesupport_cpp/dyros_interface/msg/num__type_support.cpp.o[0m
[5.746s] [ 17%] Built target dyros_interface__rosidl_generator_c
[5.784s] [ 19%] [34m[1mGenerating C++ type support for eProsima Fast-RTPS[0m
[6.634s] [ 21%] [32mBuilding CXX object CMakeFiles/dyros_interface__rosidl_typesupport_cpp.dir/rosidl_typesupport_cpp/dyros_interface/msg/sphere__type_support.cpp.o[0m
[6.651s] [ 23%] [32mBuilding CXX object CMakeFiles/dyros_interface__rosidl_typesupport_fastrtps_cpp.dir/rosidl_typesupport_fastrtps_cpp/dyros_interface/msg/detail/dds_fastrtps/num__type_support.cpp.o[0m
[7.332s] [ 25%] [32mBuilding CXX object CMakeFiles/dyros_interface__rosidl_typesupport_cpp.dir/rosidl_typesupport_cpp/dyros_interface/srv/add_three_ints__type_support.cpp.o[0m
[7.554s] [ 27%] [32mBuilding CXX object CMakeFiles/dyros_interface__rosidl_typesupport_fastrtps_cpp.dir/rosidl_typesupport_fastrtps_cpp/dyros_interface/msg/detail/dds_fastrtps/sphere__type_support.cpp.o[0m
[7.837s] [ 29%] [32m[1mLinking CXX shared library libdyros_interface__rosidl_typesupport_cpp.so[0m
[7.944s] [ 29%] Built target dyros_interface__rosidl_typesupport_cpp
[7.992s] [ 31%] [34m[1mGenerating C introspection for ROS interfaces[0m
[8.287s] [ 34%] [32mBuilding CXX object CMakeFiles/dyros_interface__rosidl_typesupport_fastrtps_cpp.dir/rosidl_typesupport_fastrtps_cpp/dyros_interface/srv/detail/dds_fastrtps/add_three_ints__type_support.cpp.o[0m
[8.710s] [ 36%] [32mBuilding C object CMakeFiles/dyros_interface__rosidl_typesupport_introspection_c.dir/rosidl_typesupport_introspection_c/dyros_interface/msg/detail/num__type_support.c.o[0m
[8.769s] [ 38%] [32mBuilding C object CMakeFiles/dyros_interface__rosidl_typesupport_introspection_c.dir/rosidl_typesupport_introspection_c/dyros_interface/msg/detail/sphere__type_support.c.o[0m
[8.844s] [ 40%] [32mBuilding C object CMakeFiles/dyros_interface__rosidl_typesupport_introspection_c.dir/rosidl_typesupport_introspection_c/dyros_interface/srv/detail/add_three_ints__type_support.c.o[0m
[8.913s] [ 42%] [32m[1mLinking C shared library libdyros_interface__rosidl_typesupport_introspection_c.so[0m
[8.989s] [ 42%] Built target dyros_interface__rosidl_typesupport_introspection_c
[9.011s] [ 44%] [34m[1mGenerating C type support dispatch for ROS interfaces[0m
[9.159s] [ 46%] [32m[1mLinking CXX shared library libdyros_interface__rosidl_typesupport_fastrtps_cpp.so[0m
[9.347s] [ 46%] Built target dyros_interface__rosidl_typesupport_fastrtps_cpp
[9.389s] [ 48%] [34m[1mGenerating C++ introspection for ROS interfaces[0m
[9.631s] [ 51%] [32mBuilding CXX object CMakeFiles/dyros_interface__rosidl_typesupport_c.dir/rosidl_typesupport_c/dyros_interface/msg/num__type_support.cpp.o[0m
[9.687s] [ 53%] [32mBuilding CXX object CMakeFiles/dyros_interface__rosidl_typesupport_c.dir/rosidl_typesupport_c/dyros_interface/msg/sphere__type_support.cpp.o[0m
[9.751s] [ 55%] [32mBuilding CXX object CMakeFiles/dyros_interface__rosidl_typesupport_c.dir/rosidl_typesupport_c/dyros_interface/srv/add_three_ints__type_support.cpp.o[0m
[9.830s] [ 57%] [32m[1mLinking CXX shared library libdyros_interface__rosidl_typesupport_c.so[0m
[9.919s] [ 57%] Built target dyros_interface__rosidl_typesupport_c
[10.189s] [ 59%] [32mBuilding CXX object CMakeFiles/dyros_interface__rosidl_typesupport_introspection_cpp.dir/rosidl_typesupport_introspection_cpp/dyros_interface/msg/detail/num__type_support.cpp.o[0m
[10.719s] running egg_info
[10.721s] writing dyros_interface.egg-info/PKG-INFO
[10.722s] writing dependency_links to dyros_interface.egg-info/dependency_links.txt
[10.723s] writing top-level names to dyros_interface.egg-info/top_level.txt
[10.727s] reading manifest file 'dyros_interface.egg-info/SOURCES.txt'
[10.730s] writing manifest file 'dyros_interface.egg-info/SOURCES.txt'
[10.783s] [ 59%] Built target ament_cmake_python_build_dyros_interface_egg
[10.816s] [ 61%] [34m[1mGenerating C type support for eProsima Fast-RTPS[0m
[11.022s] [ 63%] [32mBuilding CXX object CMakeFiles/dyros_interface__rosidl_typesupport_introspection_cpp.dir/rosidl_typesupport_introspection_cpp/dyros_interface/msg/detail/sphere__type_support.cpp.o[0m
[11.613s] [ 65%] [32mBuilding CXX object CMakeFiles/dyros_interface__rosidl_typesupport_fastrtps_c.dir/rosidl_typesupport_fastrtps_c/dyros_interface/msg/detail/num__type_support_c.cpp.o[0m
[11.804s] [ 68%] [32mBuilding CXX object CMakeFiles/dyros_interface__rosidl_typesupport_introspection_cpp.dir/rosidl_typesupport_introspection_cpp/dyros_interface/srv/detail/add_three_ints__type_support.cpp.o[0m
[12.322s] [ 70%] [32mBuilding CXX object CMakeFiles/dyros_interface__rosidl_typesupport_fastrtps_c.dir/rosidl_typesupport_fastrtps_c/dyros_interface/msg/detail/sphere__type_support_c.cpp.o[0m
[12.534s] [ 72%] [32m[1mLinking CXX shared library libdyros_interface__rosidl_typesupport_introspection_cpp.so[0m
[12.701s] [ 72%] Built target dyros_interface__rosidl_typesupport_introspection_cpp
[12.728s] [ 74%] [32mBuilding CXX object CMakeFiles/dyros_interface__rosidl_typesupport_fastrtps_c.dir/rosidl_typesupport_fastrtps_c/dyros_interface/srv/detail/add_three_ints__type_support_c.cpp.o[0m
[13.422s] [ 76%] [32m[1mLinking CXX shared library libdyros_interface__rosidl_typesupport_fastrtps_c.so[0m
[13.673s] [ 76%] Built target dyros_interface__rosidl_typesupport_fastrtps_c
[13.769s] [ 76%] Built target dyros_interface
[13.864s] [ 78%] [34m[1mGenerating Python code for ROS interfaces[0m
[15.128s] [ 78%] Built target dyros_interface__py
[15.182s] [ 80%] [32mBuilding C object CMakeFiles/dyros_interface__rosidl_generator_py.dir/rosidl_generator_py/dyros_interface/msg/_num_s.c.o[0m
[15.186s] [ 82%] [32mBuilding C object CMakeFiles/dyros_interface__rosidl_generator_py.dir/rosidl_generator_py/dyros_interface/msg/_sphere_s.c.o[0m
[15.499s] [ 85%] [32mBuilding C object CMakeFiles/dyros_interface__rosidl_generator_py.dir/rosidl_generator_py/dyros_interface/srv/_add_three_ints_s.c.o[0m
[15.719s] [ 87%] [32m[1mLinking C shared library rosidl_generator_py/dyros_interface/libdyros_interface__rosidl_generator_py.so[0m
[15.873s] [ 87%] Built target dyros_interface__rosidl_generator_py
[15.945s] [ 89%] [32mBuilding C object CMakeFiles/dyros_interface__rosidl_typesupport_introspection_c__pyext.dir/rosidl_generator_py/dyros_interface/_dyros_interface_s.ep.rosidl_typesupport_introspection_c.c.o[0m
[15.955s] [ 91%] [32mBuilding C object CMakeFiles/dyros_interface__rosidl_typesupport_fastrtps_c__pyext.dir/rosidl_generator_py/dyros_interface/_dyros_interface_s.ep.rosidl_typesupport_fastrtps_c.c.o[0m
[16.326s] [ 93%] [32m[1mLinking C shared library rosidl_generator_py/dyros_interface/dyros_interface_s__rosidl_typesupport_introspection_c.cpython-310-x86_64-linux-gnu.so[0m
[16.347s] [ 95%] [32m[1mLinking C shared library rosidl_generator_py/dyros_interface/dyros_interface_s__rosidl_typesupport_fastrtps_c.cpython-310-x86_64-linux-gnu.so[0m
[16.394s] [ 95%] Built target dyros_interface__rosidl_typesupport_introspection_c__pyext
[16.417s] [ 95%] Built target dyros_interface__rosidl_typesupport_fastrtps_c__pyext
[16.437s] [ 97%] [32mBuilding C object CMakeFiles/dyros_interface__rosidl_typesupport_c__pyext.dir/rosidl_generator_py/dyros_interface/_dyros_interface_s.ep.rosidl_typesupport_c.c.o[0m
[16.625s] [100%] [32m[1mLinking C shared library rosidl_generator_py/dyros_interface/dyros_interface_s__rosidl_typesupport_c.cpython-310-x86_64-linux-gnu.so[0m
[16.769s] [100%] Built target dyros_interface__rosidl_typesupport_c__pyext
[16.802s] Invoked command in '/home/dyros/ros2_ws/build/dyros_interface' returned '0': CMAKE_PREFIX_PATH=${CMAKE_PREFIX_PATH}:/home/dyros/ros2_ws/install/dyros_python:/opt/ros/humble /usr/bin/cmake --build /home/dyros/ros2_ws/build/dyros_interface -- -j2 -l2
[17.164s] Invoking command in '/home/dyros/ros2_ws/build/dyros_interface': CMAKE_PREFIX_PATH=${CMAKE_PREFIX_PATH}:/home/dyros/ros2_ws/install/dyros_python:/opt/ros/humble /usr/bin/cmake --install /home/dyros/ros2_ws/build/dyros_interface
[17.199s] -- Install configuration: ""
[17.202s] -- Up-to-date: /home/dyros/ros2_ws/install/dyros_interface/share/ament_index/resource_index/rosidl_interfaces/dyros_interface
[17.206s] -- Up-to-date: /home/dyros/ros2_ws/install/dyros_interface/include/dyros_interface/dyros_interface
[17.207s] -- Up-to-date: /home/dyros/ros2_ws/install/dyros_interface/include/dyros_interface/dyros_interface/msg
[17.208s] -- Installing: /home/dyros/ros2_ws/install/dyros_interface/include/dyros_interface/dyros_interface/msg/sphere.h
[17.209s] -- Up-to-date: /home/dyros/ros2_ws/install/dyros_interface/include/dyros_interface/dyros_interface/msg/detail
[17.210s] -- Installing: /home/dyros/ros2_ws/install/dyros_interface/include/dyros_interface/dyros_interface/msg/detail/num__struct.h
[17.210s] -- Installing: /home/dyros/ros2_ws/install/dyros_interface/include/dyros_interface/dyros_interface/msg/detail/sphere__struct.h
[17.211s] -- Installing: /home/dyros/ros2_ws/install/dyros_interface/include/dyros_interface/dyros_interface/msg/detail/sphere__type_support.h
[17.212s] -- Installing: /home/dyros/ros2_ws/install/dyros_interface/include/dyros_interface/dyros_interface/msg/detail/sphere__functions.h
[17.212s] -- Installing: /home/dyros/ros2_ws/install/dyros_interface/include/dyros_interface/dyros_interface/msg/detail/num__functions.h
[17.213s] -- Installing: /home/dyros/ros2_ws/install/dyros_interface/include/dyros_interface/dyros_interface/msg/detail/num__type_support.h
[17.213s] -- Installing: /home/dyros/ros2_ws/install/dyros_interface/include/dyros_interface/dyros_interface/msg/detail/sphere__functions.c
[17.214s] -- Installing: /home/dyros/ros2_ws/install/dyros_interface/include/dyros_interface/dyros_interface/msg/detail/num__functions.c
[17.215s] -- Installing: /home/dyros/ros2_ws/install/dyros_interface/include/dyros_interface/dyros_interface/msg/num.h
[17.215s] -- Up-to-date: /home/dyros/ros2_ws/install/dyros_interface/include/dyros_interface/dyros_interface/msg/rosidl_generator_c__visibility_control.h
[17.216s] -- Up-to-date: /home/dyros/ros2_ws/install/dyros_interface/include/dyros_interface/dyros_interface/srv
[17.216s] -- Installing: /home/dyros/ros2_ws/install/dyros_interface/include/dyros_interface/dyros_interface/srv/add_three_ints.h
[17.217s] -- Up-to-date: /home/dyros/ros2_ws/install/dyros_interface/include/dyros_interface/dyros_interface/srv/detail
[17.218s] -- Installing: /home/dyros/ros2_ws/install/dyros_interface/include/dyros_interface/dyros_interface/srv/detail/add_three_ints__type_support.h
[17.218s] -- Installing: /home/dyros/ros2_ws/install/dyros_interface/include/dyros_interface/dyros_interface/srv/detail/add_three_ints__functions.c
[17.219s] -- Installing: /home/dyros/ros2_ws/install/dyros_interface/include/dyros_interface/dyros_interface/srv/detail/add_three_ints__functions.h
[17.220s] -- Installing: /home/dyros/ros2_ws/install/dyros_interface/include/dyros_interface/dyros_interface/srv/detail/add_three_ints__struct.h
[17.222s] -- Up-to-date: /home/dyros/ros2_ws/install/dyros_interface/share/dyros_interface/environment/library_path.sh
[17.222s] -- Installing: /home/dyros/ros2_ws/install/dyros_interface/share/dyros_interface/environment/library_path.dsv
[17.225s] -- Installing: /home/dyros/ros2_ws/install/dyros_interface/lib/libdyros_interface__rosidl_generator_c.so
[17.226s] -- Set runtime path of "/home/dyros/ros2_ws/install/dyros_interface/lib/libdyros_interface__rosidl_generator_c.so" to ""
[17.227s] -- Up-to-date: /home/dyros/ros2_ws/install/dyros_interface/include/dyros_interface/dyros_interface
[17.228s] -- Up-to-date: /home/dyros/ros2_ws/install/dyros_interface/include/dyros_interface/dyros_interface/msg
[17.228s] -- Up-to-date: /home/dyros/ros2_ws/install/dyros_interface/include/dyros_interface/dyros_interface/msg/rosidl_typesupport_fastrtps_c__visibility_control.h
[17.229s] -- Up-to-date: /home/dyros/ros2_ws/install/dyros_interface/include/dyros_interface/dyros_interface/msg/detail
[17.230s] -- Installing: /home/dyros/ros2_ws/install/dyros_interface/include/dyros_interface/dyros_interface/msg/detail/num__rosidl_typesupport_fastrtps_c.h
[17.230s] -- Installing: /home/dyros/ros2_ws/install/dyros_interface/include/dyros_interface/dyros_interface/msg/detail/sphere__rosidl_typesupport_fastrtps_c.h
[17.231s] -- Up-to-date: /home/dyros/ros2_ws/install/dyros_interface/include/dyros_interface/dyros_interface/srv
[17.233s] -- Up-to-date: /home/dyros/ros2_ws/install/dyros_interface/include/dyros_interface/dyros_interface/srv/detail
[17.237s] -- Installing: /home/dyros/ros2_ws/install/dyros_interface/include/dyros_interface/dyros_interface/srv/detail/add_three_ints__rosidl_typesupport_fastrtps_c.h
[17.237s] -- Installing: /home/dyros/ros2_ws/install/dyros_interface/lib/libdyros_interface__rosidl_typesupport_fastrtps_c.so
[17.238s] -- Set runtime path of "/home/dyros/ros2_ws/install/dyros_interface/lib/libdyros_interface__rosidl_typesupport_fastrtps_c.so" to ""
[17.244s] -- Up-to-date: /home/dyros/ros2_ws/install/dyros_interface/include/dyros_interface/dyros_interface
[17.245s] -- Up-to-date: /home/dyros/ros2_ws/install/dyros_interface/include/dyros_interface/dyros_interface/msg
[17.245s] -- Installing: /home/dyros/ros2_ws/install/dyros_interface/include/dyros_interface/dyros_interface/msg/sphere.hpp
[17.248s] -- Installing: /home/dyros/ros2_ws/install/dyros_interface/include/dyros_interface/dyros_interface/msg/num.hpp
[17.249s] -- Up-to-date: /home/dyros/ros2_ws/install/dyros_interface/include/dyros_interface/dyros_interface/msg/detail
[17.249s] -- Installing: /home/dyros/ros2_ws/install/dyros_interface/include/dyros_interface/dyros_interface/msg/detail/sphere__struct.hpp
[17.250s] -- Installing: /home/dyros/ros2_ws/install/dyros_interface/include/dyros_interface/dyros_interface/msg/detail/sphere__traits.hpp
[17.251s] -- Installing: /home/dyros/ros2_ws/install/dyros_interface/include/dyros_interface/dyros_interface/msg/detail/num__builder.hpp
[17.251s] -- Installing: /home/dyros/ros2_ws/install/dyros_interface/include/dyros_interface/dyros_interface/msg/detail/sphere__builder.hpp
[17.252s] -- Installing: /home/dyros/ros2_ws/install/dyros_interface/include/dyros_interface/dyros_interface/msg/detail/num__struct.hpp
[17.253s] -- Installing: /home/dyros/ros2_ws/install/dyros_interface/include/dyros_interface/dyros_interface/msg/detail/num__traits.hpp
[17.254s] -- Up-to-date: /home/dyros/ros2_ws/install/dyros_interface/include/dyros_interface/dyros_interface/srv
[17.254s] -- Installing: /home/dyros/ros2_ws/install/dyros_interface/include/dyros_interface/dyros_interface/srv/add_three_ints.hpp
[17.256s] -- Up-to-date: /home/dyros/ros2_ws/install/dyros_interface/include/dyros_interface/dyros_interface/srv/detail
[17.256s] -- Installing: /home/dyros/ros2_ws/install/dyros_interface/include/dyros_interface/dyros_interface/srv/detail/add_three_ints__struct.hpp
[17.256s] -- Installing: /home/dyros/ros2_ws/install/dyros_interface/include/dyros_interface/dyros_interface/srv/detail/add_three_ints__builder.hpp
[17.256s] -- Installing: /home/dyros/ros2_ws/install/dyros_interface/include/dyros_interface/dyros_interface/srv/detail/add_three_ints__traits.hpp
[17.257s] -- Up-to-date: /home/dyros/ros2_ws/install/dyros_interface/include/dyros_interface/dyros_interface
[17.258s] -- Up-to-date: /home/dyros/ros2_ws/install/dyros_interface/include/dyros_interface/dyros_interface/msg
[17.259s] -- Up-to-date: /home/dyros/ros2_ws/install/dyros_interface/include/dyros_interface/dyros_interface/msg/rosidl_typesupport_fastrtps_cpp__visibility_control.h
[17.259s] -- Up-to-date: /home/dyros/ros2_ws/install/dyros_interface/include/dyros_interface/dyros_interface/msg/detail
[17.259s] -- Installing: /home/dyros/ros2_ws/install/dyros_interface/include/dyros_interface/dyros_interface/msg/detail/num__rosidl_typesupport_fastrtps_cpp.hpp
[17.260s] -- Up-to-date: /home/dyros/ros2_ws/install/dyros_interface/include/dyros_interface/dyros_interface/msg/detail/dds_fastrtps
[17.260s] -- Installing: /home/dyros/ros2_ws/install/dyros_interface/include/dyros_interface/dyros_interface/msg/detail/sphere__rosidl_typesupport_fastrtps_cpp.hpp
[17.260s] -- Up-to-date: /home/dyros/ros2_ws/install/dyros_interface/include/dyros_interface/dyros_interface/srv
[17.260s] -- Up-to-date: /home/dyros/ros2_ws/install/dyros_interface/include/dyros_interface/dyros_interface/srv/detail
[17.260s] -- Up-to-date: /home/dyros/ros2_ws/install/dyros_interface/include/dyros_interface/dyros_interface/srv/detail/dds_fastrtps
[17.261s] -- Installing: /home/dyros/ros2_ws/install/dyros_interface/include/dyros_interface/dyros_interface/srv/detail/add_three_ints__rosidl_typesupport_fastrtps_cpp.hpp
[17.261s] -- Installing: /home/dyros/ros2_ws/install/dyros_interface/lib/libdyros_interface__rosidl_typesupport_fastrtps_cpp.so
[17.262s] -- Set runtime path of "/home/dyros/ros2_ws/install/dyros_interface/lib/libdyros_interface__rosidl_typesupport_fastrtps_cpp.so" to ""
[17.263s] -- Up-to-date: /home/dyros/ros2_ws/install/dyros_interface/include/dyros_interface/dyros_interface
[17.263s] -- Up-to-date: /home/dyros/ros2_ws/install/dyros_interface/include/dyros_interface/dyros_interface/msg
[17.264s] -- Up-to-date: /home/dyros/ros2_ws/install/dyros_interface/include/dyros_interface/dyros_interface/msg/detail
[17.265s] -- Installing: /home/dyros/ros2_ws/install/dyros_interface/include/dyros_interface/dyros_interface/msg/detail/sphere__rosidl_typesupport_introspection_c.h
[17.265s] -- Installing: /home/dyros/ros2_ws/install/dyros_interface/include/dyros_interface/dyros_interface/msg/detail/num__rosidl_typesupport_introspection_c.h
[17.270s] -- Installing: /home/dyros/ros2_ws/install/dyros_interface/include/dyros_interface/dyros_interface/msg/detail/num__type_support.c
[17.271s] -- Installing: /home/dyros/ros2_ws/install/dyros_interface/include/dyros_interface/dyros_interface/msg/detail/sphere__type_support.c
[17.272s] -- Up-to-date: /home/dyros/ros2_ws/install/dyros_interface/include/dyros_interface/dyros_interface/msg/rosidl_typesupport_introspection_c__visibility_control.h
[17.272s] -- Up-to-date: /home/dyros/ros2_ws/install/dyros_interface/include/dyros_interface/dyros_interface/srv
[17.272s] -- Up-to-date: /home/dyros/ros2_ws/install/dyros_interface/include/dyros_interface/dyros_interface/srv/detail
[17.273s] -- Installing: /home/dyros/ros2_ws/install/dyros_interface/include/dyros_interface/dyros_interface/srv/detail/add_three_ints__type_support.c
[17.274s] -- Installing: /home/dyros/ros2_ws/install/dyros_interface/include/dyros_interface/dyros_interface/srv/detail/add_three_ints__rosidl_typesupport_introspection_c.h
[17.277s] -- Installing: /home/dyros/ros2_ws/install/dyros_interface/lib/libdyros_interface__rosidl_typesupport_introspection_c.so
[17.278s] -- Set runtime path of "/home/dyros/ros2_ws/install/dyros_interface/lib/libdyros_interface__rosidl_typesupport_introspection_c.so" to ""
[17.281s] -- Installing: /home/dyros/ros2_ws/install/dyros_interface/lib/libdyros_interface__rosidl_typesupport_c.so
[17.282s] -- Set runtime path of "/home/dyros/ros2_ws/install/dyros_interface/lib/libdyros_interface__rosidl_typesupport_c.so" to ""
[17.283s] -- Up-to-date: /home/dyros/ros2_ws/install/dyros_interface/include/dyros_interface/dyros_interface
[17.284s] -- Up-to-date: /home/dyros/ros2_ws/install/dyros_interface/include/dyros_interface/dyros_interface/msg
[17.285s] -- Up-to-date: /home/dyros/ros2_ws/install/dyros_interface/include/dyros_interface/dyros_interface/msg/detail
[17.285s] -- Installing: /home/dyros/ros2_ws/install/dyros_interface/include/dyros_interface/dyros_interface/msg/detail/sphere__rosidl_typesupport_introspection_cpp.hpp
[17.286s] -- Installing: /home/dyros/ros2_ws/install/dyros_interface/include/dyros_interface/dyros_interface/msg/detail/sphere__type_support.cpp
[17.287s] -- Installing: /home/dyros/ros2_ws/install/dyros_interface/include/dyros_interface/dyros_interface/msg/detail/num__type_support.cpp
[17.288s] -- Installing: /home/dyros/ros2_ws/install/dyros_interface/include/dyros_interface/dyros_interface/msg/detail/num__rosidl_typesupport_introspection_cpp.hpp
[17.288s] -- Up-to-date: /home/dyros/ros2_ws/install/dyros_interface/include/dyros_interface/dyros_interface/srv
[17.288s] -- Up-to-date: /home/dyros/ros2_ws/install/dyros_interface/include/dyros_interface/dyros_interface/srv/detail
[17.289s] -- Installing: /home/dyros/ros2_ws/install/dyros_interface/include/dyros_interface/dyros_interface/srv/detail/add_three_ints__rosidl_typesupport_introspection_cpp.hpp
[17.290s] -- Installing: /home/dyros/ros2_ws/install/dyros_interface/include/dyros_interface/dyros_interface/srv/detail/add_three_ints__type_support.cpp
[17.293s] -- Installing: /home/dyros/ros2_ws/install/dyros_interface/lib/libdyros_interface__rosidl_typesupport_introspection_cpp.so
[17.294s] -- Set runtime path of "/home/dyros/ros2_ws/install/dyros_interface/lib/libdyros_interface__rosidl_typesupport_introspection_cpp.so" to ""
[17.297s] -- Installing: /home/dyros/ros2_ws/install/dyros_interface/lib/libdyros_interface__rosidl_typesupport_cpp.so
[17.298s] -- Set runtime path of "/home/dyros/ros2_ws/install/dyros_interface/lib/libdyros_interface__rosidl_typesupport_cpp.so" to ""
[17.299s] -- Up-to-date: /home/dyros/ros2_ws/install/dyros_interface/share/dyros_interface/environment/pythonpath.sh
[17.299s] -- Installing: /home/dyros/ros2_ws/install/dyros_interface/share/dyros_interface/environment/pythonpath.dsv
[17.302s] -- Up-to-date: /home/dyros/ros2_ws/install/dyros_interface/local/lib/python3.10/dist-packages/dyros_interface-0.0.0-py3.10.egg-info
[17.303s] -- Installing: /home/dyros/ros2_ws/install/dyros_interface/local/lib/python3.10/dist-packages/dyros_interface-0.0.0-py3.10.egg-info/dependency_links.txt
[17.303s] -- Installing: /home/dyros/ros2_ws/install/dyros_interface/local/lib/python3.10/dist-packages/dyros_interface-0.0.0-py3.10.egg-info/top_level.txt
[17.304s] -- Installing: /home/dyros/ros2_ws/install/dyros_interface/local/lib/python3.10/dist-packages/dyros_interface-0.0.0-py3.10.egg-info/PKG-INFO
[17.305s] -- Installing: /home/dyros/ros2_ws/install/dyros_interface/local/lib/python3.10/dist-packages/dyros_interface-0.0.0-py3.10.egg-info/SOURCES.txt
[17.305s] -- Up-to-date: /home/dyros/ros2_ws/install/dyros_interface/local/lib/python3.10/dist-packages/dyros_interface
[17.306s] -- Installing: /home/dyros/ros2_ws/install/dyros_interface/local/lib/python3.10/dist-packages/dyros_interface/_dyros_interface_s.ep.rosidl_typesupport_fastrtps_c.c
[17.307s] -- Installing: /home/dyros/ros2_ws/install/dyros_interface/local/lib/python3.10/dist-packages/dyros_interface/libdyros_interface__rosidl_generator_py.so
[17.307s] -- Up-to-date: /home/dyros/ros2_ws/install/dyros_interface/local/lib/python3.10/dist-packages/dyros_interface/msg
[17.308s] -- Installing: /home/dyros/ros2_ws/install/dyros_interface/local/lib/python3.10/dist-packages/dyros_interface/msg/_sphere.py
[17.308s] -- Installing: /home/dyros/ros2_ws/install/dyros_interface/local/lib/python3.10/dist-packages/dyros_interface/msg/_num.py
[17.309s] -- Installing: /home/dyros/ros2_ws/install/dyros_interface/local/lib/python3.10/dist-packages/dyros_interface/msg/_num_s.c
[17.309s] -- Installing: /home/dyros/ros2_ws/install/dyros_interface/local/lib/python3.10/dist-packages/dyros_interface/msg/_sphere_s.c
[17.309s] -- Installing: /home/dyros/ros2_ws/install/dyros_interface/local/lib/python3.10/dist-packages/dyros_interface/msg/__init__.py
[17.310s] -- Installing: /home/dyros/ros2_ws/install/dyros_interface/local/lib/python3.10/dist-packages/dyros_interface/dyros_interface_s__rosidl_typesupport_fastrtps_c.cpython-310-x86_64-linux-gnu.so
[17.310s] -- Installing: /home/dyros/ros2_ws/install/dyros_interface/local/lib/python3.10/dist-packages/dyros_interface/dyros_interface_s__rosidl_typesupport_introspection_c.cpython-310-x86_64-linux-gnu.so
[17.311s] -- Installing: /home/dyros/ros2_ws/install/dyros_interface/local/lib/python3.10/dist-packages/dyros_interface/dyros_interface_s__rosidl_typesupport_c.cpython-310-x86_64-linux-gnu.so
[17.312s] -- Installing: /home/dyros/ros2_ws/install/dyros_interface/local/lib/python3.10/dist-packages/dyros_interface/_dyros_interface_s.ep.rosidl_typesupport_introspection_c.c
[17.312s] -- Installing: /home/dyros/ros2_ws/install/dyros_interface/local/lib/python3.10/dist-packages/dyros_interface/__init__.py
[17.312s] -- Up-to-date: /home/dyros/ros2_ws/install/dyros_interface/local/lib/python3.10/dist-packages/dyros_interface/srv
[17.313s] -- Installing: /home/dyros/ros2_ws/install/dyros_interface/local/lib/python3.10/dist-packages/dyros_interface/srv/_add_three_ints.py
[17.314s] -- Installing: /home/dyros/ros2_ws/install/dyros_interface/local/lib/python3.10/dist-packages/dyros_interface/srv/__init__.py
[17.314s] -- Installing: /home/dyros/ros2_ws/install/dyros_interface/local/lib/python3.10/dist-packages/dyros_interface/srv/_add_three_ints_s.c
[17.314s] -- Installing: /home/dyros/ros2_ws/install/dyros_interface/local/lib/python3.10/dist-packages/dyros_interface/_dyros_interface_s.ep.rosidl_typesupport_c.c
[17.451s] Listing '/home/dyros/ros2_ws/install/dyros_interface/local/lib/python3.10/dist-packages/dyros_interface'...
[17.451s] Compiling '/home/dyros/ros2_ws/install/dyros_interface/local/lib/python3.10/dist-packages/dyros_interface/__init__.py'...
[17.451s] Listing '/home/dyros/ros2_ws/install/dyros_interface/local/lib/python3.10/dist-packages/dyros_interface/msg'...
[17.452s] Compiling '/home/dyros/ros2_ws/install/dyros_interface/local/lib/python3.10/dist-packages/dyros_interface/msg/__init__.py'...
[17.452s] Compiling '/home/dyros/ros2_ws/install/dyros_interface/local/lib/python3.10/dist-packages/dyros_interface/msg/_num.py'...
[17.452s] Compiling '/home/dyros/ros2_ws/install/dyros_interface/local/lib/python3.10/dist-packages/dyros_interface/msg/_sphere.py'...
[17.452s] Listing '/home/dyros/ros2_ws/install/dyros_interface/local/lib/python3.10/dist-packages/dyros_interface/srv'...
[17.452s] Compiling '/home/dyros/ros2_ws/install/dyros_interface/local/lib/python3.10/dist-packages/dyros_interface/srv/__init__.py'...
[17.453s] Compiling '/home/dyros/ros2_ws/install/dyros_interface/local/lib/python3.10/dist-packages/dyros_interface/srv/_add_three_ints.py'...
[17.473s] -- Installing: /home/dyros/ros2_ws/install/dyros_interface/local/lib/python3.10/dist-packages/dyros_interface/dyros_interface_s__rosidl_typesupport_fastrtps_c.cpython-310-x86_64-linux-gnu.so
[17.473s] -- Set runtime path of "/home/dyros/ros2_ws/install/dyros_interface/local/lib/python3.10/dist-packages/dyros_interface/dyros_interface_s__rosidl_typesupport_fastrtps_c.cpython-310-x86_64-linux-gnu.so" to ""
[17.474s] -- Installing: /home/dyros/ros2_ws/install/dyros_interface/local/lib/python3.10/dist-packages/dyros_interface/dyros_interface_s__rosidl_typesupport_introspection_c.cpython-310-x86_64-linux-gnu.so
[17.474s] -- Set runtime path of "/home/dyros/ros2_ws/install/dyros_interface/local/lib/python3.10/dist-packages/dyros_interface/dyros_interface_s__rosidl_typesupport_introspection_c.cpython-310-x86_64-linux-gnu.so" to ""
[17.474s] -- Installing: /home/dyros/ros2_ws/install/dyros_interface/local/lib/python3.10/dist-packages/dyros_interface/dyros_interface_s__rosidl_typesupport_c.cpython-310-x86_64-linux-gnu.so
[17.474s] -- Set runtime path of "/home/dyros/ros2_ws/install/dyros_interface/local/lib/python3.10/dist-packages/dyros_interface/dyros_interface_s__rosidl_typesupport_c.cpython-310-x86_64-linux-gnu.so" to ""
[17.474s] -- Installing: /home/dyros/ros2_ws/install/dyros_interface/lib/libdyros_interface__rosidl_generator_py.so
[17.475s] -- Set runtime path of "/home/dyros/ros2_ws/install/dyros_interface/lib/libdyros_interface__rosidl_generator_py.so" to ""
[17.476s] -- Up-to-date: /home/dyros/ros2_ws/install/dyros_interface/share/dyros_interface/msg/Num.idl
[17.476s] -- Up-to-date: /home/dyros/ros2_ws/install/dyros_interface/share/dyros_interface/msg/Sphere.idl
[17.477s] -- Installing: /home/dyros/ros2_ws/install/dyros_interface/share/dyros_interface/srv/AddThreeInts.idl
[17.478s] -- Up-to-date: /home/dyros/ros2_ws/install/dyros_interface/share/dyros_interface/msg/Num.msg
[17.479s] -- Up-to-date: /home/dyros/ros2_ws/install/dyros_interface/share/dyros_interface/msg/Sphere.msg
[17.479s] -- Installing: /home/dyros/ros2_ws/install/dyros_interface/share/dyros_interface/srv/AddThreeInts.srv
[17.479s] -- Installing: /home/dyros/ros2_ws/install/dyros_interface/share/dyros_interface/srv/AddThreeInts_Request.msg
[17.480s] -- Installing: /home/dyros/ros2_ws/install/dyros_interface/share/dyros_interface/srv/AddThreeInts_Response.msg
[17.482s] -- Up-to-date: /home/dyros/ros2_ws/install/dyros_interface/share/ament_index/resource_index/package_run_dependencies/dyros_interface
[17.483s] -- Installing: /home/dyros/ros2_ws/install/dyros_interface/share/ament_index/resource_index/parent_prefix_path/dyros_interface
[17.485s] -- Up-to-date: /home/dyros/ros2_ws/install/dyros_interface/share/dyros_interface/environment/ament_prefix_path.sh
[17.485s] -- Installing: /home/dyros/ros2_ws/install/dyros_interface/share/dyros_interface/environment/ament_prefix_path.dsv
[17.487s] -- Up-to-date: /home/dyros/ros2_ws/install/dyros_interface/share/dyros_interface/environment/path.sh
[17.488s] -- Installing: /home/dyros/ros2_ws/install/dyros_interface/share/dyros_interface/environment/path.dsv
[17.491s] -- Up-to-date: /home/dyros/ros2_ws/install/dyros_interface/share/dyros_interface/local_setup.bash
[17.492s] -- Up-to-date: /home/dyros/ros2_ws/install/dyros_interface/share/dyros_interface/local_setup.sh
[17.492s] -- Up-to-date: /home/dyros/ros2_ws/install/dyros_interface/share/dyros_interface/local_setup.zsh
[17.493s] -- Installing: /home/dyros/ros2_ws/install/dyros_interface/share/dyros_interface/local_setup.dsv
[17.496s] -- Installing: /home/dyros/ros2_ws/install/dyros_interface/share/dyros_interface/package.dsv
[17.498s] -- Up-to-date: /home/dyros/ros2_ws/install/dyros_interface/share/ament_index/resource_index/packages/dyros_interface
[17.502s] -- Up-to-date: /home/dyros/ros2_ws/install/dyros_interface/share/dyros_interface/cmake/export_dyros_interface__rosidl_generator_cExport.cmake
[17.503s] -- Up-to-date: /home/dyros/ros2_ws/install/dyros_interface/share/dyros_interface/cmake/export_dyros_interface__rosidl_generator_cExport-noconfig.cmake
[17.506s] -- Up-to-date: /home/dyros/ros2_ws/install/dyros_interface/share/dyros_interface/cmake/export_dyros_interface__rosidl_typesupport_fastrtps_cExport.cmake
[17.507s] -- Up-to-date: /home/dyros/ros2_ws/install/dyros_interface/share/dyros_interface/cmake/export_dyros_interface__rosidl_typesupport_fastrtps_cExport-noconfig.cmake
[17.510s] -- Up-to-date: /home/dyros/ros2_ws/install/dyros_interface/share/dyros_interface/cmake/export_dyros_interface__rosidl_generator_cppExport.cmake
[17.512s] -- Up-to-date: /home/dyros/ros2_ws/install/dyros_interface/share/dyros_interface/cmake/export_dyros_interface__rosidl_typesupport_fastrtps_cppExport.cmake
[17.513s] -- Up-to-date: /home/dyros/ros2_ws/install/dyros_interface/share/dyros_interface/cmake/export_dyros_interface__rosidl_typesupport_fastrtps_cppExport-noconfig.cmake
[17.516s] -- Up-to-date: /home/dyros/ros2_ws/install/dyros_interface/share/dyros_interface/cmake/dyros_interface__rosidl_typesupport_introspection_cExport.cmake
[17.517s] -- Up-to-date: /home/dyros/ros2_ws/install/dyros_interface/share/dyros_interface/cmake/dyros_interface__rosidl_typesupport_introspection_cExport-noconfig.cmake
[17.519s] -- Up-to-date: /home/dyros/ros2_ws/install/dyros_interface/share/dyros_interface/cmake/dyros_interface__rosidl_typesupport_cExport.cmake
[17.521s] -- Up-to-date: /home/dyros/ros2_ws/install/dyros_interface/share/dyros_interface/cmake/dyros_interface__rosidl_typesupport_cExport-noconfig.cmake
[17.522s] -- Up-to-date: /home/dyros/ros2_ws/install/dyros_interface/share/dyros_interface/cmake/dyros_interface__rosidl_typesupport_introspection_cppExport.cmake
[17.522s] -- Up-to-date: /home/dyros/ros2_ws/install/dyros_interface/share/dyros_interface/cmake/dyros_interface__rosidl_typesupport_introspection_cppExport-noconfig.cmake
[17.524s] -- Up-to-date: /home/dyros/ros2_ws/install/dyros_interface/share/dyros_interface/cmake/dyros_interface__rosidl_typesupport_cppExport.cmake
[17.525s] -- Up-to-date: /home/dyros/ros2_ws/install/dyros_interface/share/dyros_interface/cmake/dyros_interface__rosidl_typesupport_cppExport-noconfig.cmake
[17.527s] -- Up-to-date: /home/dyros/ros2_ws/install/dyros_interface/share/dyros_interface/cmake/export_dyros_interface__rosidl_generator_pyExport.cmake
[17.528s] -- Up-to-date: /home/dyros/ros2_ws/install/dyros_interface/share/dyros_interface/cmake/export_dyros_interface__rosidl_generator_pyExport-noconfig.cmake
[17.528s] -- Up-to-date: /home/dyros/ros2_ws/install/dyros_interface/share/dyros_interface/cmake/rosidl_cmake-extras.cmake
[17.528s] -- Up-to-date: /home/dyros/ros2_ws/install/dyros_interface/share/dyros_interface/cmake/ament_cmake_export_dependencies-extras.cmake
[17.530s] -- Up-to-date: /home/dyros/ros2_ws/install/dyros_interface/share/dyros_interface/cmake/ament_cmake_export_include_directories-extras.cmake
[17.530s] -- Up-to-date: /home/dyros/ros2_ws/install/dyros_interface/share/dyros_interface/cmake/ament_cmake_export_libraries-extras.cmake
[17.530s] -- Up-to-date: /home/dyros/ros2_ws/install/dyros_interface/share/dyros_interface/cmake/ament_cmake_export_targets-extras.cmake
[17.531s] -- Up-to-date: /home/dyros/ros2_ws/install/dyros_interface/share/dyros_interface/cmake/rosidl_cmake_export_typesupport_targets-extras.cmake
[17.531s] -- Up-to-date: /home/dyros/ros2_ws/install/dyros_interface/share/dyros_interface/cmake/rosidl_cmake_export_typesupport_libraries-extras.cmake
[17.532s] -- Up-to-date: /home/dyros/ros2_ws/install/dyros_interface/share/dyros_interface/cmake/dyros_interfaceConfig.cmake
[17.532s] -- Up-to-date: /home/dyros/ros2_ws/install/dyros_interface/share/dyros_interface/cmake/dyros_interfaceConfig-version.cmake
[17.532s] -- Up-to-date: /home/dyros/ros2_ws/install/dyros_interface/share/dyros_interface/package.xml
[17.554s] Invoked command in '/home/dyros/ros2_ws/build/dyros_interface' returned '0': CMAKE_PREFIX_PATH=${CMAKE_PREFIX_PATH}:/home/dyros/ros2_ws/install/dyros_python:/opt/ros/humble /usr/bin/cmake --install /home/dyros/ros2_ws/build/dyros_interface
