[1.629s] Invoking command in '/home/dyros/ros2_ws/src/dyros_python': PYTHONPATH=/home/dyros/ros2_ws/build/dyros_python/prefix_override:/home/dyros/ros2_ws/install/dyros_python/lib/python3.10/site-packages:${PYTHONPATH} /usr/bin/python3 setup.py egg_info --egg-base ../../build/dyros_python build --build-base /home/dyros/ros2_ws/build/dyros_python/build install --record /home/dyros/ros2_ws/build/dyros_python/install.log --single-version-externally-managed
[2.145s] running egg_info
[2.146s] writing ../../build/dyros_python/dyros_python.egg-info/PKG-INFO
[2.147s] writing dependency_links to ../../build/dyros_python/dyros_python.egg-info/dependency_links.txt
[2.148s] writing entry points to ../../build/dyros_python/dyros_python.egg-info/entry_points.txt
[2.150s] writing requirements to ../../build/dyros_python/dyros_python.egg-info/requires.txt
[2.150s] writing top-level names to ../../build/dyros_python/dyros_python.egg-info/top_level.txt
[2.155s] reading manifest file '../../build/dyros_python/dyros_python.egg-info/SOURCES.txt'
[2.157s] writing manifest file '../../build/dyros_python/dyros_python.egg-info/SOURCES.txt'
[2.158s] running build
[2.158s] running build_py
[2.160s] copying dyros_python/dyros_py_pub.py -> /home/dyros/ros2_ws/build/dyros_python/build/lib/dyros_python
[2.163s] copying dyros_python/__init__.py -> /home/dyros/ros2_ws/build/dyros_python/build/lib/dyros_python
[2.164s] copying dyros_python/dyros_py_sub.py -> /home/dyros/ros2_ws/build/dyros_python/build/lib/dyros_python
[2.164s] running install
[2.164s] running install_lib
[2.167s] copying /home/dyros/ros2_ws/build/dyros_python/build/lib/dyros_python/dyros_py_pub.py -> /home/dyros/ros2_ws/install/dyros_python/lib/python3.10/site-packages/dyros_python
[2.167s] copying /home/dyros/ros2_ws/build/dyros_python/build/lib/dyros_python/__init__.py -> /home/dyros/ros2_ws/install/dyros_python/lib/python3.10/site-packages/dyros_python
[2.168s] copying /home/dyros/ros2_ws/build/dyros_python/build/lib/dyros_python/dyros_py_sub.py -> /home/dyros/ros2_ws/install/dyros_python/lib/python3.10/site-packages/dyros_python
[2.170s] byte-compiling /home/dyros/ros2_ws/install/dyros_python/lib/python3.10/site-packages/dyros_python/dyros_py_pub.py to dyros_py_pub.cpython-310.pyc
[2.171s] byte-compiling /home/dyros/ros2_ws/install/dyros_python/lib/python3.10/site-packages/dyros_python/__init__.py to __init__.cpython-310.pyc
[2.171s] byte-compiling /home/dyros/ros2_ws/install/dyros_python/lib/python3.10/site-packages/dyros_python/dyros_py_sub.py to dyros_py_sub.cpython-310.pyc
[2.172s] running install_data
[2.178s] copying resource/dyros_python -> /home/dyros/ros2_ws/install/dyros_python/share/ament_index/resource_index/packages
[2.178s] copying package.xml -> /home/dyros/ros2_ws/install/dyros_python/share/dyros_python
[2.178s] running install_egg_info
[2.182s] Copying ../../build/dyros_python/dyros_python.egg-info to /home/dyros/ros2_ws/install/dyros_python/lib/python3.10/site-packages/dyros_python-0.0.0-py3.10.egg-info
[2.182s] running install_scripts
[2.238s] Installing dyros_py_pub script to /home/dyros/ros2_ws/install/dyros_python/lib/dyros_python
[2.238s] Installing dyros_py_sub script to /home/dyros/ros2_ws/install/dyros_python/lib/dyros_python
[2.239s] writing list of installed files to '/home/dyros/ros2_ws/build/dyros_python/install.log'
[2.344s] Invoked command in '/home/dyros/ros2_ws/src/dyros_python' returned '0': PYTHONPATH=/home/dyros/ros2_ws/build/dyros_python/prefix_override:/home/dyros/ros2_ws/install/dyros_python/lib/python3.10/site-packages:${PYTHONPATH} /usr/bin/python3 setup.py egg_info --egg-base ../../build/dyros_python build --build-base /home/dyros/ros2_ws/build/dyros_python/build install --record /home/dyros/ros2_ws/build/dyros_python/install.log --single-version-externally-managed
