/home/dyros/ros2_ws/install/dyros_python/lib/python3.10/site-packages/dyros_python/dyros_py_server.py
/home/dyros/ros2_ws/install/dyros_python/lib/python3.10/site-packages/dyros_python/dyros_py_client.py
/home/dyros/ros2_ws/install/dyros_python/lib/python3.10/site-packages/dyros_python/dyros_py_pub.py
/home/dyros/ros2_ws/install/dyros_python/lib/python3.10/site-packages/dyros_python/__init__.py
/home/dyros/ros2_ws/install/dyros_python/lib/python3.10/site-packages/dyros_python/dyros_py_sub.py
/home/dyros/ros2_ws/install/dyros_python/lib/python3.10/site-packages/dyros_python/__pycache__/dyros_py_server.cpython-310.pyc
/home/dyros/ros2_ws/install/dyros_python/lib/python3.10/site-packages/dyros_python/__pycache__/dyros_py_client.cpython-310.pyc
/home/dyros/ros2_ws/install/dyros_python/lib/python3.10/site-packages/dyros_python/__pycache__/dyros_py_pub.cpython-310.pyc
/home/dyros/ros2_ws/install/dyros_python/lib/python3.10/site-packages/dyros_python/__pycache__/__init__.cpython-310.pyc
/home/dyros/ros2_ws/install/dyros_python/lib/python3.10/site-packages/dyros_python/__pycache__/dyros_py_sub.cpython-310.pyc
/home/dyros/ros2_ws/install/dyros_python/share/ament_index/resource_index/packages/dyros_python
/home/dyros/ros2_ws/install/dyros_python/share/dyros_python/package.xml
/home/dyros/ros2_ws/install/dyros_python/lib/python3.10/site-packages/dyros_python-0.0.0-py3.10.egg-info/dependency_links.txt
/home/dyros/ros2_ws/install/dyros_python/lib/python3.10/site-packages/dyros_python-0.0.0-py3.10.egg-info/top_level.txt
/home/dyros/ros2_ws/install/dyros_python/lib/python3.10/site-packages/dyros_python-0.0.0-py3.10.egg-info/zip-safe
/home/dyros/ros2_ws/install/dyros_python/lib/python3.10/site-packages/dyros_python-0.0.0-py3.10.egg-info/requires.txt
/home/dyros/ros2_ws/install/dyros_python/lib/python3.10/site-packages/dyros_python-0.0.0-py3.10.egg-info/PKG-INFO
/home/dyros/ros2_ws/install/dyros_python/lib/python3.10/site-packages/dyros_python-0.0.0-py3.10.egg-info/entry_points.txt
/home/dyros/ros2_ws/install/dyros_python/lib/python3.10/site-packages/dyros_python-0.0.0-py3.10.egg-info/SOURCES.txt
/home/dyros/ros2_ws/install/dyros_python/lib/dyros_python/dyros_py_client
/home/dyros/ros2_ws/install/dyros_python/lib/dyros_python/dyros_py_pub
/home/dyros/ros2_ws/install/dyros_python/lib/dyros_python/dyros_py_server
/home/dyros/ros2_ws/install/dyros_python/lib/dyros_python/dyros_py_sub
